{"/home/ashisheradi/nam/frontend/school-portal/src/components/PrivateRoute.tsx": {"path":"/home/ashisheradi/nam/frontend/school-portal/src/components/PrivateRoute.tsx","statementMap":{"0":{"start":{"line":2,"column":0},"end":{"line":2,"column":52}},"1":{"start":{"line":3,"column":0},"end":{"line":3,"column":48}},"2":{"start":{"line":4,"column":0},"end":{"line":4,"column":49}},"3":{"start":{"line":6,"column":21},"end":{"line":10,"column":1}},"4":{"start":{"line":7,"column":16},"end":{"line":7,"column":43}},"5":{"start":{"line":9,"column":2},"end":{"line":9,"column":55}},"6":{"start":{"line":12,"column":0},"end":{"line":12,"column":28}}},"fnMap":{"0":{"name":"(anonymous_0)","decl":{"start":{"line":6,"column":21},"end":{"line":6,"column":24}},"loc":{"start":{"line":6,"column":26},"end":{"line":10,"column":1}}}},"branchMap":{"0":{"loc":{"start":{"line":9,"column":9},"end":{"line":9,"column":54}},"type":"cond-expr","locations":[{"start":{"line":9,"column":17},"end":{"line":9,"column":27}},{"start":{"line":9,"column":30},"end":{"line":9,"column":54}}]}},"s":{"0":1,"1":1,"2":1,"3":1,"4":2,"5":2,"6":1},"f":{"0":2},"b":{"0":[1,1]}}
,"/home/ashisheradi/nam/frontend/school-portal/src/components/Layout/Layout.tsx": {"path":"/home/ashisheradi/nam/frontend/school-portal/src/components/Layout/Layout.tsx","statementMap":{"0":{"start":{"line":2,"column":0},"end":{"line":2,"column":30}},"1":{"start":{"line":3,"column":0},"end":{"line":3,"column":32}},"2":{"start":{"line":4,"column":0},"end":{"line":4,"column":30}},"3":{"start":{"line":5,"column":0},"end":{"line":5,"column":42}},"4":{"start":{"line":7,"column":20},"end":{"line":7,"column":26}},"5":{"start":{"line":9,"column":28},"end":{"line":23,"column":1}},"6":{"start":{"line":10,"column":2},"end":{"line":22,"column":4}},"7":{"start":{"line":25,"column":0},"end":{"line":25,"column":25}}},"fnMap":{"0":{"name":"(anonymous_1)","decl":{"start":{"line":9,"column":28},"end":{"line":9,"column":31}},"loc":{"start":{"line":9,"column":33},"end":{"line":23,"column":1}}}},"branchMap":{},"s":{"0":1,"1":1,"2":1,"3":1,"4":1,"5":1,"6":1,"7":1},"f":{"0":1},"b":{}}
,"/home/ashisheradi/nam/frontend/school-portal/src/components/Layout/Navbar.tsx": {"path":"/home/ashisheradi/nam/frontend/school-portal/src/components/Layout/Navbar.tsx","statementMap":{"0":{"start":{"line":3,"column":0},"end":{"line":3,"column":30}},"1":{"start":{"line":5,"column":19},"end":{"line":5,"column":25}},"2":{"start":{"line":7,"column":25},"end":{"line":11,"column":1}},"3":{"start":{"line":8,"column":2},"end":{"line":10,"column":4}},"4":{"start":{"line":13,"column":0},"end":{"line":13,"column":22}}},"fnMap":{"0":{"name":"(anonymous_0)","decl":{"start":{"line":7,"column":25},"end":{"line":7,"column":28}},"loc":{"start":{"line":7,"column":30},"end":{"line":11,"column":1}}}},"branchMap":{},"s":{"0":1,"1":1,"2":1,"3":1,"4":1},"f":{"0":1},"b":{}}
,"/home/ashisheradi/nam/frontend/school-portal/src/components/Layout/Sidebar.tsx": {"path":"/home/ashisheradi/nam/frontend/school-portal/src/components/Layout/Sidebar.tsx","statementMap":{"0":{"start":{"line":3,"column":0},"end":{"line":3,"column":40}},"1":{"start":{"line":4,"column":0},"end":{"line":4,"column":36}},"2":{"start":{"line":6,"column":18},"end":{"line":6,"column":24}},"3":{"start":{"line":8,"column":26},"end":{"line":77,"column":1}},"4":{"start":{"line":9,"column":2},"end":{"line":76,"column":4}},"5":{"start":{"line":79,"column":0},"end":{"line":79,"column":23}}},"fnMap":{"0":{"name":"(anonymous_0)","decl":{"start":{"line":8,"column":26},"end":{"line":8,"column":29}},"loc":{"start":{"line":8,"column":31},"end":{"line":77,"column":1}}}},"branchMap":{},"s":{"0":2,"1":2,"2":2,"3":2,"4":2,"5":2},"f":{"0":2},"b":{}}
,"/home/ashisheradi/nam/frontend/school-portal/src/pages/AdminDashboard.tsx": {"path":"/home/ashisheradi/nam/frontend/school-portal/src/pages/AdminDashboard.tsx","statementMap":{"0":{"start":{"line":2,"column":0},"end":{"line":2,"column":65}},"1":{"start":{"line":3,"column":0},"end":{"line":3,"column":69}},"2":{"start":{"line":5,"column":33},"end":{"line":39,"column":1}},"3":{"start":{"line":6,"column":30},"end":{"line":6,"column":57}},"4":{"start":{"line":8,"column":2},"end":{"line":8,"column":33}},"5":{"start":{"line":8,"column":17},"end":{"line":8,"column":33}},"6":{"start":{"line":10,"column":2},"end":{"line":38,"column":4}},"7":{"start":{"line":41,"column":0},"end":{"line":41,"column":30}}},"fnMap":{"0":{"name":"(anonymous_0)","decl":{"start":{"line":5,"column":33},"end":{"line":5,"column":36}},"loc":{"start":{"line":5,"column":38},"end":{"line":39,"column":1}}}},"branchMap":{"0":{"loc":{"start":{"line":8,"column":2},"end":{"line":8,"column":33}},"type":"if","locations":[{"start":{"line":8,"column":2},"end":{"line":8,"column":33}},{"start":{},"end":{}}]}},"s":{"0":1,"1":1,"2":1,"3":1,"4":1,"5":0,"6":1,"7":1},"f":{"0":1},"b":{"0":[0,1]}}
,"/home/ashisheradi/nam/frontend/school-portal/src/pages/Announcements.tsx": {"path":"/home/ashisheradi/nam/frontend/school-portal/src/pages/Announcements.tsx","statementMap":{"0":{"start":{"line":2,"column":0},"end":{"line":2,"column":26}},"1":{"start":{"line":3,"column":0},"end":{"line":3,"column":56}},"2":{"start":{"line":4,"column":0},"end":{"line":4,"column":103}},"3":{"start":{"line":7,"column":21},"end":{"line":7,"column":26}},"4":{"start":{"line":9,"column":32},"end":{"line":50,"column":1}},"5":{"start":{"line":10,"column":45},"end":{"line":10,"column":71}},"6":{"start":{"line":11,"column":31},"end":{"line":11,"column":62}},"7":{"start":{"line":12,"column":46},"end":{"line":12,"column":67}},"8":{"start":{"line":13,"column":17},"end":{"line":13,"column":31}},"9":{"start":{"line":15,"column":19},"end":{"line":20,"column":3}},"10":{"start":{"line":16,"column":4},"end":{"line":19,"column":7}},"11":{"start":{"line":17,"column":6},"end":{"line":17,"column":39}},"12":{"start":{"line":18,"column":6},"end":{"line":18,"column":31}},"13":{"start":{"line":22,"column":2},"end":{"line":49,"column":4}},"14":{"start":{"line":24,"column":29},"end":{"line":24,"column":52}},"15":{"start":{"line":30,"column":10},"end":{"line":34,"column":null}},"16":{"start":{"line":38,"column":95},"end":{"line":38,"column":119}},"17":{"start":{"line":52,"column":0},"end":{"line":52,"column":29}}},"fnMap":{"0":{"name":"(anonymous_1)","decl":{"start":{"line":9,"column":32},"end":{"line":9,"column":35}},"loc":{"start":{"line":9,"column":37},"end":{"line":50,"column":1}}},"1":{"name":"(anonymous_2)","decl":{"start":{"line":15,"column":19},"end":{"line":15,"column":22}},"loc":{"start":{"line":15,"column":24},"end":{"line":20,"column":3}}},"2":{"name":"(anonymous_3)","decl":{"start":{"line":16,"column":31},"end":{"line":16,"column":36}},"loc":{"start":{"line":16,"column":48},"end":{"line":19,"column":5}}},"3":{"name":"(anonymous_4)","decl":{"start":{"line":24,"column":23},"end":{"line":24,"column":26}},"loc":{"start":{"line":24,"column":29},"end":{"line":24,"column":52}}},"4":{"name":"(anonymous_5)","decl":{"start":{"line":29,"column":20},"end":{"line":29,"column":21}},"loc":{"start":{"line":30,"column":10},"end":{"line":34,"column":null}}},"5":{"name":"(anonymous_6)","decl":{"start":{"line":38,"column":89},"end":{"line":38,"column":92}},"loc":{"start":{"line":38,"column":95},"end":{"line":38,"column":119}}}},"branchMap":{},"s":{"0":1,"1":1,"2":1,"3":1,"4":1,"5":3,"6":3,"7":3,"8":3,"9":3,"10":1,"11":1,"12":1,"13":3,"14":1,"15":0,"16":0,"17":1},"f":{"0":3,"1":1,"2":1,"3":1,"4":0,"5":0},"b":{}}
,"/home/ashisheradi/nam/frontend/school-portal/src/pages/ClassesPage.tsx": {"path":"/home/ashisheradi/nam/frontend/school-portal/src/pages/ClassesPage.tsx","statementMap":{"0":{"start":{"line":1,"column":0},"end":{"line":1,"column":40}},"1":{"start":{"line":2,"column":0},"end":{"line":2,"column":70}},"2":{"start":{"line":3,"column":0},"end":{"line":3,"column":60}},"3":{"start":{"line":4,"column":0},"end":{"line":4,"column":71}},"4":{"start":{"line":6,"column":24},"end":{"line":6,"column":34}},"5":{"start":{"line":8,"column":30},"end":{"line":67,"column":1}},"6":{"start":{"line":9,"column":48},"end":{"line":9,"column":77}},"7":{"start":{"line":11,"column":76},"end":{"line":11,"column":96}},"8":{"start":{"line":12,"column":79},"end":{"line":12,"column":153}},"9":{"start":{"line":14,"column":28},"end":{"line":16,"column":3}},"10":{"start":{"line":15,"column":4},"end":{"line":15,"column":37}},"11":{"start":{"line":18,"column":25},"end":{"line":22,"column":4}},"12":{"start":{"line":24,"column":16},"end":{"line":24,"column":45}},"13":{"start":{"line":26,"column":2},"end":{"line":66,"column":4}},"14":{"start":{"line":40,"column":16},"end":{"line":44,"column":null}},"15":{"start":{"line":41,"column":33},"end":{"line":41,"column":56}},"16":{"start":{"line":69,"column":0},"end":{"line":69,"column":27}}},"fnMap":{"0":{"name":"(anonymous_0)","decl":{"start":{"line":8,"column":30},"end":{"line":8,"column":33}},"loc":{"start":{"line":8,"column":35},"end":{"line":67,"column":1}}},"1":{"name":"(anonymous_1)","decl":{"start":{"line":14,"column":28},"end":{"line":14,"column":29}},"loc":{"start":{"line":14,"column":47},"end":{"line":16,"column":3}}},"2":{"name":"(anonymous_2)","decl":{"start":{"line":39,"column":26},"end":{"line":39,"column":27}},"loc":{"start":{"line":40,"column":16},"end":{"line":44,"column":null}}},"3":{"name":"(anonymous_3)","decl":{"start":{"line":41,"column":27},"end":{"line":41,"column":30}},"loc":{"start":{"line":41,"column":33},"end":{"line":41,"column":56}}}},"branchMap":{"0":{"loc":{"start":{"line":24,"column":16},"end":{"line":24,"column":45}},"type":"binary-expr","locations":[{"start":{"line":24,"column":16},"end":{"line":24,"column":28}},{"start":{"line":24,"column":32},"end":{"line":24,"column":45}}]},"1":{"loc":{"start":{"line":29,"column":7},"end":{"line":29,"column":99}},"type":"binary-expr","locations":[{"start":{"line":29,"column":7},"end":{"line":29,"column":12}},{"start":{"line":29,"column":16},"end":{"line":29,"column":99}}]},"2":{"loc":{"start":{"line":33,"column":11},"end":{"line":47,"column":null}},"type":"cond-expr","locations":[{"start":{"line":34,"column":12},"end":{"line":34,"column":20}},{"start":{"line":36,"column":12},"end":{"line":46,"column":null}}]},"3":{"loc":{"start":{"line":42,"column":63},"end":{"line":42,"column":118}},"type":"cond-expr","locations":[{"start":{"line":42,"column":93},"end":{"line":42,"column":102}},{"start":{"line":42,"column":105},"end":{"line":42,"column":118}}]},"4":{"loc":{"start":{"line":51,"column":11},"end":{"line":61,"column":null}},"type":"cond-expr","locations":[{"start":{"line":52,"column":12},"end":{"line":58,"column":null}},{"start":{"line":61,"column":12},"end":{"line":61,"column":57}}]},"5":{"loc":{"start":{"line":54,"column":15},"end":{"line":57,"column":null}},"type":"cond-expr","locations":[{"start":{"line":55,"column":16},"end":{"line":55,"column":24}},{"start":{"line":57,"column":16},"end":{"line":57,"column":84}}]}},"s":{"0":1,"1":1,"2":1,"3":1,"4":1,"5":1,"6":2,"7":2,"8":2,"9":2,"10":1,"11":2,"12":2,"13":2,"14":4,"15":1,"16":1},"f":{"0":2,"1":1,"2":4,"3":1},"b":{"0":[2,2],"1":[2,0],"2":[0,2],"3":[1,3],"4":[1,1],"5":[0,1]}}
,"/home/ashisheradi/nam/frontend/school-portal/src/pages/Login.tsx": {"path":"/home/ashisheradi/nam/frontend/school-portal/src/pages/Login.tsx","statementMap":{"0":{"start":{"line":2,"column":0},"end":{"line":2,"column":70}},"1":{"start":{"line":3,"column":0},"end":{"line":3,"column":55}},"2":{"start":{"line":4,"column":0},"end":{"line":4,"column":42}},"3":{"start":{"line":5,"column":0},"end":{"line":5,"column":46}},"4":{"start":{"line":6,"column":0},"end":{"line":6,"column":47}},"5":{"start":{"line":8,"column":18},"end":{"line":8,"column":28}},"6":{"start":{"line":10,"column":28},"end":{"line":57,"column":1}},"7":{"start":{"line":11,"column":33},"end":{"line":11,"column":51}},"8":{"start":{"line":12,"column":19},"end":{"line":12,"column":32}},"9":{"start":{"line":13,"column":19},"end":{"line":13,"column":32}},"10":{"start":{"line":15,"column":22},"end":{"line":23,"column":3}},"11":{"start":{"line":16,"column":4},"end":{"line":22,"column":5}},"12":{"start":{"line":17,"column":31},"end":{"line":17,"column":59}},"13":{"start":{"line":18,"column":6},"end":{"line":18,"column":39}},"14":{"start":{"line":19,"column":6},"end":{"line":19,"column":29}},"15":{"start":{"line":21,"column":6},"end":{"line":21,"column":39}},"16":{"start":{"line":25,"column":2},"end":{"line":56,"column":4}},"17":{"start":{"line":59,"column":0},"end":{"line":59,"column":25}}},"fnMap":{"0":{"name":"(anonymous_0)","decl":{"start":{"line":10,"column":28},"end":{"line":10,"column":31}},"loc":{"start":{"line":10,"column":33},"end":{"line":57,"column":1}}},"1":{"name":"(anonymous_1)","decl":{"start":{"line":15,"column":22},"end":{"line":15,"column":27}},"loc":{"start":{"line":15,"column":44},"end":{"line":23,"column":3}}}},"branchMap":{},"s":{"0":1,"1":1,"2":1,"3":1,"4":1,"5":1,"6":1,"7":1,"8":1,"9":1,"10":1,"11":0,"12":0,"13":0,"14":0,"15":0,"16":1,"17":1},"f":{"0":1,"1":0},"b":{}}
,"/home/ashisheradi/nam/frontend/school-portal/src/pages/Students.tsx": {"path":"/home/ashisheradi/nam/frontend/school-portal/src/pages/Students.tsx","statementMap":{"0":{"start":{"line":1,"column":0},"end":{"line":1,"column":33}},"1":{"start":{"line":2,"column":0},"end":{"line":2,"column":86}},"2":{"start":{"line":3,"column":0},"end":{"line":3,"column":null}},"3":{"start":{"line":11,"column":0},"end":{"line":11,"column":51}},"4":{"start":{"line":13,"column":27},"end":{"line":140,"column":1}},"5":{"start":{"line":14,"column":40},"end":{"line":14,"column":61}},"6":{"start":{"line":15,"column":26},"end":{"line":15,"column":52}},"7":{"start":{"line":16,"column":26},"end":{"line":16,"column":52}},"8":{"start":{"line":17,"column":31},"end":{"line":17,"column":62}},"9":{"start":{"line":18,"column":27},"end":{"line":18,"column":55}},"10":{"start":{"line":20,"column":46},"end":{"line":20,"column":61}},"11":{"start":{"line":21,"column":58},"end":{"line":21,"column":73}},"12":{"start":{"line":22,"column":30},"end":{"line":22,"column":45}},"13":{"start":{"line":23,"column":46},"end":{"line":23,"column":76}},"14":{"start":{"line":24,"column":17},"end":{"line":24,"column":31}},"15":{"start":{"line":26,"column":20},"end":{"line":35,"column":3}},"16":{"start":{"line":27,"column":4},"end":{"line":27,"column":31}},"17":{"start":{"line":28,"column":4},"end":{"line":28,"column":25}},"18":{"start":{"line":29,"column":4},"end":{"line":29,"column":28}},"19":{"start":{"line":30,"column":4},"end":{"line":34,"column":5}},"20":{"start":{"line":31,"column":6},"end":{"line":31,"column":35}},"21":{"start":{"line":33,"column":6},"end":{"line":33,"column":25}},"22":{"start":{"line":37,"column":19},"end":{"line":46,"column":3}},"23":{"start":{"line":38,"column":4},"end":{"line":45,"column":7}},"24":{"start":{"line":39,"column":6},"end":{"line":43,"column":7}},"25":{"start":{"line":40,"column":8},"end":{"line":40,"column":70}},"26":{"start":{"line":42,"column":8},"end":{"line":42,"column":36}},"27":{"start":{"line":44,"column":6},"end":{"line":44,"column":31}},"28":{"start":{"line":48,"column":23},"end":{"line":50,"column":3}},"29":{"start":{"line":49,"column":4},"end":{"line":49,"column":29}},"30":{"start":{"line":52,"column":23},"end":{"line":62,"column":3}},"31":{"start":{"line":53,"column":21},"end":{"line":53,"column":35}},"32":{"start":{"line":54,"column":4},"end":{"line":54,"column":34}},"33":{"start":{"line":55,"column":4},"end":{"line":61,"column":5}},"34":{"start":{"line":56,"column":6},"end":{"line":56,"column":50}},"35":{"start":{"line":57,"column":6},"end":{"line":57,"column":57}},"36":{"start":{"line":58,"column":6},"end":{"line":58,"column":37}},"37":{"start":{"line":60,"column":6},"end":{"line":60,"column":50}},"38":{"start":{"line":64,"column":23},"end":{"line":76,"column":3}},"39":{"start":{"line":65,"column":4},"end":{"line":75,"column":5}},"40":{"start":{"line":66,"column":23},"end":{"line":66,"column":54}},"41":{"start":{"line":67,"column":18},"end":{"line":67,"column":66}},"42":{"start":{"line":68,"column":19},"end":{"line":68,"column":46}},"43":{"start":{"line":69,"column":6},"end":{"line":69,"column":22}},"44":{"start":{"line":70,"column":6},"end":{"line":70,"column":52}},"45":{"start":{"line":71,"column":6},"end":{"line":71,"column":38}},"46":{"start":{"line":72,"column":6},"end":{"line":72,"column":19}},"47":{"start":{"line":74,"column":6},"end":{"line":74,"column":50}},"48":{"start":{"line":78,"column":18},"end":{"line":90,"column":4}},"49":{"start":{"line":87,"column":8},"end":{"line":87,"column":63}},"50":{"start":{"line":87,"column":31},"end":{"line":87,"column":48}},"51":{"start":{"line":92,"column":2},"end":{"line":139,"column":4}},"52":{"start":{"line":94,"column":44},"end":{"line":94,"column":55}},"53":{"start":{"line":97,"column":29},"end":{"line":97,"column":58}},"54":{"start":{"line":131,"column":24},"end":{"line":131,"column":54}},"55":{"start":{"line":142,"column":0},"end":{"line":142,"column":24}}},"fnMap":{"0":{"name":"(anonymous_0)","decl":{"start":{"line":13,"column":27},"end":{"line":13,"column":30}},"loc":{"start":{"line":13,"column":32},"end":{"line":140,"column":1}}},"1":{"name":"(anonymous_1)","decl":{"start":{"line":26,"column":20},"end":{"line":26,"column":21}},"loc":{"start":{"line":26,"column":55},"end":{"line":35,"column":3}}},"2":{"name":"(anonymous_2)","decl":{"start":{"line":37,"column":19},"end":{"line":37,"column":22}},"loc":{"start":{"line":37,"column":24},"end":{"line":46,"column":3}}},"3":{"name":"(anonymous_3)","decl":{"start":{"line":38,"column":31},"end":{"line":38,"column":36}},"loc":{"start":{"line":38,"column":66},"end":{"line":45,"column":5}}},"4":{"name":"(anonymous_4)","decl":{"start":{"line":48,"column":23},"end":{"line":48,"column":26}},"loc":{"start":{"line":48,"column":28},"end":{"line":50,"column":3}}},"5":{"name":"(anonymous_5)","decl":{"start":{"line":52,"column":23},"end":{"line":52,"column":28}},"loc":{"start":{"line":52,"column":44},"end":{"line":62,"column":3}}},"6":{"name":"(anonymous_6)","decl":{"start":{"line":64,"column":23},"end":{"line":64,"column":28}},"loc":{"start":{"line":64,"column":34},"end":{"line":76,"column":3}}},"7":{"name":"(anonymous_7)","decl":{"start":{"line":86,"column":14},"end":{"line":86,"column":15}},"loc":{"start":{"line":87,"column":8},"end":{"line":87,"column":63}}},"8":{"name":"(anonymous_8)","decl":{"start":{"line":87,"column":25},"end":{"line":87,"column":28}},"loc":{"start":{"line":87,"column":31},"end":{"line":87,"column":48}}},"9":{"name":"(anonymous_9)","decl":{"start":{"line":94,"column":38},"end":{"line":94,"column":41}},"loc":{"start":{"line":94,"column":44},"end":{"line":94,"column":55}}},"10":{"name":"(anonymous_10)","decl":{"start":{"line":97,"column":23},"end":{"line":97,"column":26}},"loc":{"start":{"line":97,"column":29},"end":{"line":97,"column":58}}},"11":{"name":"(anonymous_11)","decl":{"start":{"line":131,"column":18},"end":{"line":131,"column":21}},"loc":{"start":{"line":131,"column":24},"end":{"line":131,"column":54}}}},"branchMap":{"0":{"loc":{"start":{"line":26,"column":21},"end":{"line":26,"column":51}},"type":"default-arg","locations":[{"start":{"line":26,"column":47},"end":{"line":26,"column":51}}]},"1":{"loc":{"start":{"line":30,"column":4},"end":{"line":34,"column":5}},"type":"if","locations":[{"start":{"line":30,"column":4},"end":{"line":34,"column":5}},{"start":{"line":32,"column":11},"end":{"line":34,"column":5}}]},"2":{"loc":{"start":{"line":39,"column":6},"end":{"line":43,"column":7}},"type":"if","locations":[{"start":{"line":39,"column":6},"end":{"line":43,"column":7}},{"start":{"line":41,"column":13},"end":{"line":43,"column":7}}]},"3":{"loc":{"start":{"line":105,"column":15},"end":{"line":105,"column":54}},"type":"cond-expr","locations":[{"start":{"line":105,"column":24},"end":{"line":105,"column":38}},{"start":{"line":105,"column":41},"end":{"line":105,"column":54}}]}},"s":{"0":1,"1":1,"2":1,"3":1,"4":1,"5":3,"6":3,"7":3,"8":3,"9":3,"10":3,"11":3,"12":3,"13":3,"14":3,"15":3,"16":1,"17":1,"18":1,"19":1,"20":0,"21":1,"22":3,"23":1,"24":1,"25":0,"26":1,"27":1,"28":3,"29":0,"30":3,"31":0,"32":0,"33":0,"34":0,"35":0,"36":0,"37":0,"38":3,"39":0,"40":0,"41":0,"42":0,"43":0,"44":0,"45":0,"46":0,"47":0,"48":3,"49":0,"50":0,"51":3,"52":1,"53":0,"54":0,"55":1},"f":{"0":3,"1":1,"2":1,"3":1,"4":0,"5":0,"6":0,"7":0,"8":0,"9":1,"10":0,"11":0},"b":{"0":[1],"1":[0,1],"2":[0,1],"3":[0,3]}}
,"/home/ashisheradi/nam/frontend/school-portal/src/pages/Subjects.tsx": {"path":"/home/ashisheradi/nam/frontend/school-portal/src/pages/Subjects.tsx","statementMap":{"0":{"start":{"line":1,"column":0},"end":{"line":1,"column":33}},"1":{"start":{"line":2,"column":0},"end":{"line":2,"column":57}},"2":{"start":{"line":3,"column":0},"end":{"line":3,"column":114}},"3":{"start":{"line":6,"column":27},"end":{"line":78,"column":1}},"4":{"start":{"line":7,"column":40},"end":{"line":7,"column":61}},"5":{"start":{"line":8,"column":26},"end":{"line":8,"column":52}},"6":{"start":{"line":9,"column":26},"end":{"line":9,"column":52}},"7":{"start":{"line":11,"column":40},"end":{"line":11,"column":55}},"8":{"start":{"line":12,"column":30},"end":{"line":12,"column":45}},"9":{"start":{"line":13,"column":46},"end":{"line":13,"column":76}},"10":{"start":{"line":14,"column":17},"end":{"line":14,"column":31}},"11":{"start":{"line":16,"column":20},"end":{"line":26,"column":3}},"12":{"start":{"line":17,"column":4},"end":{"line":17,"column":31}},"13":{"start":{"line":18,"column":4},"end":{"line":18,"column":25}},"14":{"start":{"line":19,"column":4},"end":{"line":19,"column":25}},"15":{"start":{"line":20,"column":4},"end":{"line":25,"column":5}},"16":{"start":{"line":21,"column":6},"end":{"line":21,"column":35}},"17":{"start":{"line":24,"column":6},"end":{"line":24,"column":25}},"18":{"start":{"line":28,"column":19},"end":{"line":37,"column":3}},"19":{"start":{"line":29,"column":4},"end":{"line":36,"column":7}},"20":{"start":{"line":30,"column":6},"end":{"line":34,"column":7}},"21":{"start":{"line":31,"column":8},"end":{"line":31,"column":67}},"22":{"start":{"line":33,"column":8},"end":{"line":33,"column":36}},"23":{"start":{"line":35,"column":6},"end":{"line":35,"column":28}},"24":{"start":{"line":39,"column":23},"end":{"line":41,"column":3}},"25":{"start":{"line":40,"column":4},"end":{"line":40,"column":26}},"26":{"start":{"line":43,"column":18},"end":{"line":53,"column":4}},"27":{"start":{"line":50,"column":8},"end":{"line":50,"column":63}},"28":{"start":{"line":50,"column":31},"end":{"line":50,"column":48}},"29":{"start":{"line":55,"column":2},"end":{"line":77,"column":4}},"30":{"start":{"line":57,"column":44},"end":{"line":57,"column":55}},"31":{"start":{"line":80,"column":0},"end":{"line":80,"column":24}}},"fnMap":{"0":{"name":"(anonymous_0)","decl":{"start":{"line":6,"column":27},"end":{"line":6,"column":30}},"loc":{"start":{"line":6,"column":32},"end":{"line":78,"column":1}}},"1":{"name":"(anonymous_1)","decl":{"start":{"line":16,"column":20},"end":{"line":16,"column":21}},"loc":{"start":{"line":16,"column":55},"end":{"line":26,"column":3}}},"2":{"name":"(anonymous_2)","decl":{"start":{"line":28,"column":19},"end":{"line":28,"column":22}},"loc":{"start":{"line":28,"column":24},"end":{"line":37,"column":3}}},"3":{"name":"(anonymous_3)","decl":{"start":{"line":29,"column":31},"end":{"line":29,"column":36}},"loc":{"start":{"line":29,"column":48},"end":{"line":36,"column":5}}},"4":{"name":"(anonymous_4)","decl":{"start":{"line":39,"column":23},"end":{"line":39,"column":26}},"loc":{"start":{"line":39,"column":28},"end":{"line":41,"column":3}}},"5":{"name":"(anonymous_5)","decl":{"start":{"line":49,"column":14},"end":{"line":49,"column":15}},"loc":{"start":{"line":50,"column":8},"end":{"line":50,"column":63}}},"6":{"name":"(anonymous_6)","decl":{"start":{"line":50,"column":25},"end":{"line":50,"column":28}},"loc":{"start":{"line":50,"column":31},"end":{"line":50,"column":48}}},"7":{"name":"(anonymous_7)","decl":{"start":{"line":57,"column":38},"end":{"line":57,"column":41}},"loc":{"start":{"line":57,"column":44},"end":{"line":57,"column":55}}}},"branchMap":{"0":{"loc":{"start":{"line":16,"column":21},"end":{"line":16,"column":51}},"type":"default-arg","locations":[{"start":{"line":16,"column":47},"end":{"line":16,"column":51}}]},"1":{"loc":{"start":{"line":20,"column":4},"end":{"line":25,"column":5}},"type":"if","locations":[{"start":{"line":20,"column":4},"end":{"line":25,"column":5}},{"start":{"line":23,"column":9},"end":{"line":25,"column":5}}]},"2":{"loc":{"start":{"line":30,"column":6},"end":{"line":34,"column":7}},"type":"if","locations":[{"start":{"line":30,"column":6},"end":{"line":34,"column":7}},{"start":{"line":32,"column":13},"end":{"line":34,"column":7}}]},"3":{"loc":{"start":{"line":62,"column":15},"end":{"line":62,"column":54}},"type":"cond-expr","locations":[{"start":{"line":62,"column":24},"end":{"line":62,"column":38}},{"start":{"line":62,"column":41},"end":{"line":62,"column":54}}]}},"s":{"0":1,"1":1,"2":1,"3":1,"4":3,"5":3,"6":3,"7":3,"8":3,"9":3,"10":3,"11":3,"12":1,"13":1,"14":1,"15":1,"16":0,"17":1,"18":3,"19":1,"20":1,"21":0,"22":1,"23":1,"24":3,"25":0,"26":3,"27":0,"28":0,"29":3,"30":1,"31":1},"f":{"0":3,"1":1,"2":1,"3":1,"4":0,"5":0,"6":0,"7":1},"b":{"0":[1],"1":[0,1],"2":[0,1],"3":[0,3]}}
,"/home/ashisheradi/nam/frontend/school-portal/src/pages/TeacherDashboard.tsx": {"path":"/home/ashisheradi/nam/frontend/school-portal/src/pages/TeacherDashboard.tsx","statementMap":{"0":{"start":{"line":2,"column":0},"end":{"line":2,"column":55}},"1":{"start":{"line":3,"column":0},"end":{"line":3,"column":71}},"2":{"start":{"line":5,"column":35},"end":{"line":25,"column":1}},"3":{"start":{"line":6,"column":30},"end":{"line":6,"column":59}},"4":{"start":{"line":8,"column":2},"end":{"line":8,"column":33}},"5":{"start":{"line":8,"column":17},"end":{"line":8,"column":33}},"6":{"start":{"line":10,"column":2},"end":{"line":24,"column":4}},"7":{"start":{"line":27,"column":0},"end":{"line":27,"column":32}}},"fnMap":{"0":{"name":"(anonymous_0)","decl":{"start":{"line":5,"column":35},"end":{"line":5,"column":38}},"loc":{"start":{"line":5,"column":40},"end":{"line":25,"column":1}}}},"branchMap":{"0":{"loc":{"start":{"line":8,"column":2},"end":{"line":8,"column":33}},"type":"if","locations":[{"start":{"line":8,"column":2},"end":{"line":8,"column":33}},{"start":{},"end":{}}]}},"s":{"0":1,"1":1,"2":1,"3":1,"4":1,"5":0,"6":1,"7":1},"f":{"0":1},"b":{"0":[0,1]}}
,"/home/ashisheradi/nam/frontend/school-portal/src/services/announcementsApi.ts": {"path":"/home/ashisheradi/nam/frontend/school-portal/src/services/announcementsApi.ts","statementMap":{"0":{"start":{"line":3,"column":0},"end":{"line":3,"column":28}},"1":{"start":{"line":12,"column":13},"end":{"line":30,"column":3}},"2":{"start":{"line":13,"column":27},"end":{"line":29,"column":4}},"3":{"start":{"line":15,"column":19},"end":{"line":15,"column":34}},"4":{"start":{"line":17,"column":8},"end":{"line":19,"column":50}},"5":{"start":{"line":18,"column":40},"end":{"line":18,"column":77}},"6":{"start":{"line":22,"column":24},"end":{"line":26,"column":8}},"7":{"start":{"line":32,"column":15},"end":{"line":32,"column":92}}},"fnMap":{"0":{"name":"(anonymous_0)","decl":{"start":{"line":13,"column":13},"end":{"line":13,"column":14}},"loc":{"start":{"line":13,"column":27},"end":{"line":29,"column":4}}},"1":{"name":"(anonymous_1)","decl":{"start":{"line":15,"column":13},"end":{"line":15,"column":16}},"loc":{"start":{"line":15,"column":19},"end":{"line":15,"column":34}}},"2":{"name":"(anonymous_2)","decl":{"start":{"line":16,"column":20},"end":{"line":16,"column":21}},"loc":{"start":{"line":17,"column":8},"end":{"line":19,"column":50}}},"3":{"name":"(anonymous_3)","decl":{"start":{"line":18,"column":27},"end":{"line":18,"column":28}},"loc":{"start":{"line":18,"column":40},"end":{"line":18,"column":77}}},"4":{"name":"(anonymous_4)","decl":{"start":{"line":22,"column":13},"end":{"line":22,"column":14}},"loc":{"start":{"line":22,"column":24},"end":{"line":26,"column":8}}}},"branchMap":{"0":{"loc":{"start":{"line":17,"column":8},"end":{"line":19,"column":50}},"type":"cond-expr","locations":[{"start":{"line":18,"column":12},"end":{"line":18,"column":118}},{"start":{"line":19,"column":12},"end":{"line":19,"column":50}}]}},"s":{"0":1,"1":1,"2":1,"3":0,"4":0,"5":0,"6":0,"7":1},"f":{"0":1,"1":0,"2":0,"3":0,"4":0},"b":{"0":[0,0]}}
,"/home/ashisheradi/nam/frontend/school-portal/src/services/api.ts": {"path":"/home/ashisheradi/nam/frontend/school-portal/src/services/api.ts","statementMap":{"0":{"start":{"line":1,"column":0},"end":{"line":1,"column":73}},"1":{"start":{"line":4,"column":13},"end":{"line":18,"column":3}},"2":{"start":{"line":9,"column":21},"end":{"line":9,"column":56}},"3":{"start":{"line":10,"column":6},"end":{"line":12,"column":7}},"4":{"start":{"line":11,"column":8},"end":{"line":11,"column":56}},"5":{"start":{"line":13,"column":6},"end":{"line":13,"column":21}},"6":{"start":{"line":17,"column":20},"end":{"line":17,"column":22}}},"fnMap":{"0":{"name":"(anonymous_0)","decl":{"start":{"line":8,"column":20},"end":{"line":8,"column":21}},"loc":{"start":{"line":8,"column":46},"end":{"line":14,"column":5}}},"1":{"name":"(anonymous_1)","decl":{"start":{"line":17,"column":13},"end":{"line":17,"column":16}},"loc":{"start":{"line":17,"column":20},"end":{"line":17,"column":22}}}},"branchMap":{"0":{"loc":{"start":{"line":10,"column":6},"end":{"line":12,"column":7}},"type":"if","locations":[{"start":{"line":10,"column":6},"end":{"line":12,"column":7}},{"start":{},"end":{}}]}},"s":{"0":6,"1":6,"2":0,"3":0,"4":0,"5":0,"6":6},"f":{"0":0,"1":6},"b":{"0":[0,0]}}
,"/home/ashisheradi/nam/frontend/school-portal/src/services/authApi.ts": {"path":"/home/ashisheradi/nam/frontend/school-portal/src/services/authApi.ts","statementMap":{"0":{"start":{"line":2,"column":0},"end":{"line":2,"column":28}},"1":{"start":{"line":4,"column":13},"end":{"line":14,"column":3}},"2":{"start":{"line":5,"column":27},"end":{"line":13,"column":4}},"3":{"start":{"line":7,"column":31},"end":{"line":11,"column":8}},"4":{"start":{"line":16,"column":15},"end":{"line":16,"column":44}}},"fnMap":{"0":{"name":"(anonymous_0)","decl":{"start":{"line":5,"column":13},"end":{"line":5,"column":14}},"loc":{"start":{"line":5,"column":27},"end":{"line":13,"column":4}}},"1":{"name":"(anonymous_1)","decl":{"start":{"line":7,"column":13},"end":{"line":7,"column":14}},"loc":{"start":{"line":7,"column":31},"end":{"line":11,"column":8}}}},"branchMap":{},"s":{"0":1,"1":1,"2":1,"3":0,"4":1},"f":{"0":1,"1":0},"b":{}}
,"/home/ashisheradi/nam/frontend/school-portal/src/services/baseApi.ts": {"path":"/home/ashisheradi/nam/frontend/school-portal/src/services/baseApi.ts","statementMap":{"0":{"start":{"line":2,"column":0},"end":{"line":2,"column":73}},"1":{"start":{"line":5,"column":18},"end":{"line":14,"column":2}},"2":{"start":{"line":8,"column":19},"end":{"line":8,"column":54}},"3":{"start":{"line":9,"column":4},"end":{"line":11,"column":5}},"4":{"start":{"line":10,"column":6},"end":{"line":10,"column":54}},"5":{"start":{"line":12,"column":4},"end":{"line":12,"column":19}},"6":{"start":{"line":16,"column":13},"end":{"line":20,"column":3}},"7":{"start":{"line":19,"column":20},"end":{"line":19,"column":22}}},"fnMap":{"0":{"name":"(anonymous_0)","decl":{"start":{"line":7,"column":18},"end":{"line":7,"column":19}},"loc":{"start":{"line":7,"column":44},"end":{"line":13,"column":3}}},"1":{"name":"(anonymous_1)","decl":{"start":{"line":19,"column":13},"end":{"line":19,"column":16}},"loc":{"start":{"line":19,"column":20},"end":{"line":19,"column":22}}}},"branchMap":{"0":{"loc":{"start":{"line":9,"column":4},"end":{"line":11,"column":5}},"type":"if","locations":[{"start":{"line":9,"column":4},"end":{"line":11,"column":5}},{"start":{},"end":{}}]}},"s":{"0":3,"1":3,"2":8,"3":8,"4":0,"5":8,"6":3,"7":3},"f":{"0":8,"1":3},"b":{"0":[0,8]}}
,"/home/ashisheradi/nam/frontend/school-portal/src/services/classesApi.ts": {"path":"/home/ashisheradi/nam/frontend/school-portal/src/services/classesApi.ts","statementMap":{"0":{"start":{"line":1,"column":0},"end":{"line":1,"column":28}},"1":{"start":{"line":9,"column":13},"end":{"line":19,"column":3}},"2":{"start":{"line":10,"column":27},"end":{"line":18,"column":4}},"3":{"start":{"line":12,"column":19},"end":{"line":12,"column":28}},"4":{"start":{"line":14,"column":8},"end":{"line":16,"column":43}},"5":{"start":{"line":15,"column":40},"end":{"line":15,"column":70}},"6":{"start":{"line":21,"column":15},"end":{"line":21,"column":49}}},"fnMap":{"0":{"name":"(anonymous_0)","decl":{"start":{"line":10,"column":13},"end":{"line":10,"column":14}},"loc":{"start":{"line":10,"column":27},"end":{"line":18,"column":4}}},"1":{"name":"(anonymous_1)","decl":{"start":{"line":12,"column":13},"end":{"line":12,"column":16}},"loc":{"start":{"line":12,"column":19},"end":{"line":12,"column":28}}},"2":{"name":"(anonymous_2)","decl":{"start":{"line":13,"column":20},"end":{"line":13,"column":21}},"loc":{"start":{"line":14,"column":8},"end":{"line":16,"column":43}}},"3":{"name":"(anonymous_3)","decl":{"start":{"line":15,"column":27},"end":{"line":15,"column":28}},"loc":{"start":{"line":15,"column":40},"end":{"line":15,"column":70}}}},"branchMap":{"0":{"loc":{"start":{"line":14,"column":8},"end":{"line":16,"column":43}},"type":"cond-expr","locations":[{"start":{"line":15,"column":12},"end":{"line":15,"column":104}},{"start":{"line":16,"column":12},"end":{"line":16,"column":43}}]}},"s":{"0":1,"1":1,"2":1,"3":0,"4":0,"5":0,"6":1},"f":{"0":1,"1":0,"2":0,"3":0},"b":{"0":[0,0]}}
,"/home/ashisheradi/nam/frontend/school-portal/src/services/dashboardApi.ts": {"path":"/home/ashisheradi/nam/frontend/school-portal/src/services/dashboardApi.ts","statementMap":{"0":{"start":{"line":1,"column":0},"end":{"line":1,"column":28}},"1":{"start":{"line":3,"column":13},"end":{"line":14,"column":3}},"2":{"start":{"line":4,"column":27},"end":{"line":13,"column":4}},"3":{"start":{"line":6,"column":19},"end":{"line":6,"column":36}},"4":{"start":{"line":10,"column":19},"end":{"line":10,"column":38}},"5":{"start":{"line":17,"column":2},"end":{"line":19,"column":17}}},"fnMap":{"0":{"name":"(anonymous_0)","decl":{"start":{"line":4,"column":13},"end":{"line":4,"column":14}},"loc":{"start":{"line":4,"column":27},"end":{"line":13,"column":4}}},"1":{"name":"(anonymous_1)","decl":{"start":{"line":6,"column":13},"end":{"line":6,"column":16}},"loc":{"start":{"line":6,"column":19},"end":{"line":6,"column":36}}},"2":{"name":"(anonymous_2)","decl":{"start":{"line":10,"column":13},"end":{"line":10,"column":16}},"loc":{"start":{"line":10,"column":19},"end":{"line":10,"column":38}}}},"branchMap":{},"s":{"0":2,"1":2,"2":2,"3":0,"4":0,"5":2},"f":{"0":2,"1":0,"2":0},"b":{}}
,"/home/ashisheradi/nam/frontend/school-portal/src/services/studentsApi.ts": {"path":"/home/ashisheradi/nam/frontend/school-portal/src/services/studentsApi.ts","statementMap":{"0":{"start":{"line":2,"column":0},"end":{"line":2,"column":32}},"1":{"start":{"line":14,"column":13},"end":{"line":55,"column":3}},"2":{"start":{"line":15,"column":27},"end":{"line":54,"column":4}},"3":{"start":{"line":17,"column":22},"end":{"line":17,"column":73}},"4":{"start":{"line":19,"column":8},"end":{"line":21,"column":45}},"5":{"start":{"line":20,"column":40},"end":{"line":20,"column":72}},"6":{"start":{"line":24,"column":26},"end":{"line":24,"column":56}},"7":{"start":{"line":25,"column":50},"end":{"line":25,"column":103}},"8":{"start":{"line":28,"column":24},"end":{"line":32,"column":8}},"9":{"start":{"line":36,"column":32},"end":{"line":40,"column":8}},"10":{"start":{"line":41,"column":35},"end":{"line":41,"column":85}},"11":{"start":{"line":44,"column":24},"end":{"line":48,"column":8}},"12":{"start":{"line":52,"column":21},"end":{"line":52,"column":38}},"13":{"start":{"line":58,"column":2},"end":{"line":64,"column":16}}},"fnMap":{"0":{"name":"(anonymous_0)","decl":{"start":{"line":15,"column":13},"end":{"line":15,"column":14}},"loc":{"start":{"line":15,"column":27},"end":{"line":54,"column":4}}},"1":{"name":"(anonymous_1)","decl":{"start":{"line":17,"column":13},"end":{"line":17,"column":14}},"loc":{"start":{"line":17,"column":22},"end":{"line":17,"column":73}}},"2":{"name":"(anonymous_2)","decl":{"start":{"line":18,"column":20},"end":{"line":18,"column":21}},"loc":{"start":{"line":19,"column":8},"end":{"line":21,"column":45}}},"3":{"name":"(anonymous_3)","decl":{"start":{"line":20,"column":27},"end":{"line":20,"column":28}},"loc":{"start":{"line":20,"column":40},"end":{"line":20,"column":72}}},"4":{"name":"(anonymous_4)","decl":{"start":{"line":24,"column":13},"end":{"line":24,"column":14}},"loc":{"start":{"line":24,"column":26},"end":{"line":24,"column":56}}},"5":{"name":"(anonymous_5)","decl":{"start":{"line":25,"column":20},"end":{"line":25,"column":21}},"loc":{"start":{"line":25,"column":50},"end":{"line":25,"column":103}}},"6":{"name":"(anonymous_6)","decl":{"start":{"line":28,"column":13},"end":{"line":28,"column":14}},"loc":{"start":{"line":28,"column":24},"end":{"line":32,"column":8}}},"7":{"name":"(anonymous_7)","decl":{"start":{"line":36,"column":13},"end":{"line":36,"column":14}},"loc":{"start":{"line":36,"column":32},"end":{"line":40,"column":8}}},"8":{"name":"(anonymous_8)","decl":{"start":{"line":41,"column":23},"end":{"line":41,"column":24}},"loc":{"start":{"line":41,"column":35},"end":{"line":41,"column":85}}},"9":{"name":"(anonymous_9)","decl":{"start":{"line":44,"column":13},"end":{"line":44,"column":14}},"loc":{"start":{"line":44,"column":24},"end":{"line":48,"column":8}}},"10":{"name":"(anonymous_10)","decl":{"start":{"line":52,"column":15},"end":{"line":52,"column":18}},"loc":{"start":{"line":52,"column":21},"end":{"line":52,"column":38}}}},"branchMap":{"0":{"loc":{"start":{"line":17,"column":33},"end":{"line":17,"column":71}},"type":"cond-expr","locations":[{"start":{"line":17,"column":39},"end":{"line":17,"column":66}},{"start":{"line":17,"column":69},"end":{"line":17,"column":71}}]},"1":{"loc":{"start":{"line":19,"column":8},"end":{"line":21,"column":45}},"type":"cond-expr","locations":[{"start":{"line":20,"column":12},"end":{"line":20,"column":108}},{"start":{"line":21,"column":12},"end":{"line":21,"column":45}}]},"2":{"loc":{"start":{"line":41,"column":35},"end":{"line":41,"column":85}},"type":"cond-expr","locations":[{"start":{"line":41,"column":44},"end":{"line":41,"column":80}},{"start":{"line":41,"column":83},"end":{"line":41,"column":85}}]}},"s":{"0":3,"1":3,"2":3,"3":3,"4":3,"5":1,"6":1,"7":1,"8":1,"9":1,"10":1,"11":1,"12":1,"13":3},"f":{"0":3,"1":3,"2":3,"3":1,"4":1,"5":1,"6":1,"7":1,"8":1,"9":1,"10":1},"b":{"0":[0,3],"1":[1,2],"2":[1,0]}}
,"/home/ashisheradi/nam/frontend/school-portal/src/services/subjectsApi.ts": {"path":"/home/ashisheradi/nam/frontend/school-portal/src/services/subjectsApi.ts","statementMap":{"0":{"start":{"line":2,"column":0},"end":{"line":2,"column":28}},"1":{"start":{"line":10,"column":13},"end":{"line":33,"column":3}},"2":{"start":{"line":11,"column":27},"end":{"line":32,"column":4}},"3":{"start":{"line":13,"column":19},"end":{"line":13,"column":29}},"4":{"start":{"line":17,"column":30},"end":{"line":21,"column":8}},"5":{"start":{"line":25,"column":32},"end":{"line":29,"column":8}},"6":{"start":{"line":30,"column":35},"end":{"line":30,"column":85}},"7":{"start":{"line":35,"column":15},"end":{"line":35,"column":103}}},"fnMap":{"0":{"name":"(anonymous_0)","decl":{"start":{"line":11,"column":13},"end":{"line":11,"column":14}},"loc":{"start":{"line":11,"column":27},"end":{"line":32,"column":4}}},"1":{"name":"(anonymous_1)","decl":{"start":{"line":13,"column":13},"end":{"line":13,"column":16}},"loc":{"start":{"line":13,"column":19},"end":{"line":13,"column":29}}},"2":{"name":"(anonymous_2)","decl":{"start":{"line":17,"column":13},"end":{"line":17,"column":14}},"loc":{"start":{"line":17,"column":30},"end":{"line":21,"column":8}}},"3":{"name":"(anonymous_3)","decl":{"start":{"line":25,"column":13},"end":{"line":25,"column":14}},"loc":{"start":{"line":25,"column":32},"end":{"line":29,"column":8}}},"4":{"name":"(anonymous_4)","decl":{"start":{"line":30,"column":23},"end":{"line":30,"column":24}},"loc":{"start":{"line":30,"column":35},"end":{"line":30,"column":85}}}},"branchMap":{"0":{"loc":{"start":{"line":30,"column":35},"end":{"line":30,"column":85}},"type":"cond-expr","locations":[{"start":{"line":30,"column":44},"end":{"line":30,"column":80}},{"start":{"line":30,"column":83},"end":{"line":30,"column":85}}]}},"s":{"0":1,"1":1,"2":1,"3":0,"4":0,"5":0,"6":0,"7":1},"f":{"0":1,"1":0,"2":0,"3":0,"4":0},"b":{"0":[0,0]}}
,"/home/ashisheradi/nam/frontend/school-portal/src/store/authSlice.ts": {"path":"/home/ashisheradi/nam/frontend/school-portal/src/store/authSlice.ts","statementMap":{"0":{"start":{"line":2,"column":0},"end":{"line":2,"column":47}},"1":{"start":{"line":10,"column":32},"end":{"line":12,"column":2}},"2":{"start":{"line":14,"column":18},"end":{"line":27,"column":2}},"3":{"start":{"line":19,"column":6},"end":{"line":19,"column":35}},"4":{"start":{"line":20,"column":6},"end":{"line":24,"column":7}},"5":{"start":{"line":21,"column":8},"end":{"line":21,"column":54}},"6":{"start":{"line":23,"column":8},"end":{"line":23,"column":41}},"7":{"start":{"line":29,"column":15},"end":{"line":29,"column":46}},"8":{"start":{"line":31,"column":0},"end":{"line":31,"column":33}},"9":{"start":{"line":33,"column":27},"end":{"line":33,"column":65}},"10":{"start":{"line":33,"column":49},"end":{"line":33,"column":65}},"11":{"start":{"line":33,"column":13},"end":{"line":33,"column":27}}},"fnMap":{"0":{"name":"(anonymous_0)","decl":{"start":{"line":18,"column":14},"end":{"line":18,"column":15}},"loc":{"start":{"line":18,"column":62},"end":{"line":25,"column":5}}},"1":{"name":"(anonymous_1)","decl":{"start":{"line":33,"column":27},"end":{"line":33,"column":28}},"loc":{"start":{"line":33,"column":49},"end":{"line":33,"column":65}}}},"branchMap":{"0":{"loc":{"start":{"line":20,"column":6},"end":{"line":24,"column":7}},"type":"if","locations":[{"start":{"line":20,"column":6},"end":{"line":24,"column":7}},{"start":{"line":22,"column":13},"end":{"line":24,"column":7}}]}},"s":{"0":3,"1":3,"2":3,"3":0,"4":0,"5":0,"6":0,"7":3,"8":3,"9":3,"10":4,"11":3},"f":{"0":0,"1":4},"b":{"0":[0,0]}}
,"/home/ashisheradi/nam/frontend/school-portal/src/store/hooks.ts": {"path":"/home/ashisheradi/nam/frontend/school-portal/src/store/hooks.ts","statementMap":{"0":{"start":{"line":2,"column":0},"end":{"line":2,"column":55}},"1":{"start":{"line":7,"column":30},"end":{"line":7,"column":62}},"2":{"start":{"line":7,"column":36},"end":{"line":7,"column":62}},"3":{"start":{"line":7,"column":13},"end":{"line":7,"column":30}},"4":{"start":{"line":8,"column":13},"end":{"line":8,"column":75}}},"fnMap":{"0":{"name":"(anonymous_0)","decl":{"start":{"line":7,"column":30},"end":{"line":7,"column":33}},"loc":{"start":{"line":7,"column":36},"end":{"line":7,"column":62}}}},"branchMap":{},"s":{"0":1,"1":1,"2":0,"3":1,"4":1},"f":{"0":0},"b":{}}
}
