TN:
SF:src/components/PrivateRoute.tsx
FN:6,(anonymous_0)
FNF:1
FNH:1
FNDA:2,(anonymous_0)
DA:2,1
DA:3,1
DA:4,1
DA:6,1
DA:7,2
DA:9,2
DA:12,1
LF:7
LH:7
BRDA:9,0,0,1
BRDA:9,0,1,1
BRF:2
BRH:2
end_of_record
TN:
SF:src/components/Layout/Layout.tsx
FN:9,(anonymous_1)
FNF:1
FNH:1
FNDA:1,(anonymous_1)
DA:2,1
DA:3,1
DA:4,1
DA:5,1
DA:7,1
DA:9,1
DA:10,1
DA:25,1
LF:8
LH:8
BRF:0
BRH:0
end_of_record
TN:
SF:src/components/Layout/Navbar.tsx
FN:7,(anonymous_0)
FNF:1
FNH:1
FNDA:1,(anonymous_0)
DA:3,1
DA:5,1
DA:7,1
DA:8,1
DA:13,1
LF:5
LH:5
BRF:0
BRH:0
end_of_record
TN:
SF:src/components/Layout/Sidebar.tsx
FN:8,(anonymous_0)
FNF:1
FNH:1
FNDA:2,(anonymous_0)
DA:3,2
DA:4,2
DA:6,2
DA:8,2
DA:9,2
DA:79,2
LF:6
LH:6
BRF:0
BRH:0
end_of_record
TN:
SF:src/pages/AdminDashboard.tsx
FN:5,(anonymous_0)
FNF:1
FNH:1
FNDA:1,(anonymous_0)
DA:2,1
DA:3,1
DA:5,1
DA:6,1
DA:8,1
DA:10,1
DA:41,1
LF:7
LH:7
BRDA:8,0,0,0
BRDA:8,0,1,1
BRF:2
BRH:1
end_of_record
TN:
SF:src/pages/Announcements.tsx
FN:9,(anonymous_1)
FN:15,(anonymous_2)
FN:16,(anonymous_3)
FN:24,(anonymous_4)
FN:29,(anonymous_5)
FN:38,(anonymous_6)
FNF:6
FNH:4
FNDA:3,(anonymous_1)
FNDA:1,(anonymous_2)
FNDA:1,(anonymous_3)
FNDA:1,(anonymous_4)
FNDA:0,(anonymous_5)
FNDA:0,(anonymous_6)
DA:2,1
DA:3,1
DA:4,1
DA:7,1
DA:9,1
DA:10,3
DA:11,3
DA:12,3
DA:13,3
DA:15,3
DA:16,1
DA:17,1
DA:18,1
DA:22,3
DA:24,1
DA:30,0
DA:38,0
DA:52,1
LF:18
LH:16
BRF:0
BRH:0
end_of_record
TN:
SF:src/pages/ClassesPage.tsx
FN:8,(anonymous_0)
FN:14,(anonymous_1)
FN:39,(anonymous_2)
FN:41,(anonymous_3)
FNF:4
FNH:4
FNDA:2,(anonymous_0)
FNDA:1,(anonymous_1)
FNDA:4,(anonymous_2)
FNDA:1,(anonymous_3)
DA:1,1
DA:2,1
DA:3,1
DA:4,1
DA:6,1
DA:8,1
DA:9,2
DA:11,2
DA:12,2
DA:14,2
DA:15,1
DA:18,2
DA:24,2
DA:26,2
DA:40,4
DA:41,1
DA:69,1
LF:17
LH:17
BRDA:24,0,0,2
BRDA:24,0,1,2
BRDA:29,1,0,2
BRDA:29,1,1,0
BRDA:33,2,0,0
BRDA:33,2,1,2
BRDA:42,3,0,1
BRDA:42,3,1,3
BRDA:51,4,0,1
BRDA:51,4,1,1
BRDA:54,5,0,0
BRDA:54,5,1,1
BRF:12
BRH:9
end_of_record
TN:
SF:src/pages/Login.tsx
FN:10,(anonymous_0)
FN:15,(anonymous_1)
FNF:2
FNH:1
FNDA:1,(anonymous_0)
FNDA:0,(anonymous_1)
DA:2,1
DA:3,1
DA:4,1
DA:5,1
DA:6,1
DA:8,1
DA:10,1
DA:11,1
DA:12,1
DA:13,1
DA:15,1
DA:16,0
DA:17,0
DA:18,0
DA:19,0
DA:21,0
DA:25,1
DA:59,1
LF:18
LH:13
BRF:0
BRH:0
end_of_record
TN:
SF:src/pages/Students.tsx
FN:13,(anonymous_0)
FN:26,(anonymous_1)
FN:37,(anonymous_2)
FN:38,(anonymous_3)
FN:48,(anonymous_4)
FN:52,(anonymous_5)
FN:64,(anonymous_6)
FN:86,(anonymous_7)
FN:87,(anonymous_8)
FN:94,(anonymous_9)
FN:97,(anonymous_10)
FN:131,(anonymous_11)
FNF:12
FNH:5
FNDA:3,(anonymous_0)
FNDA:1,(anonymous_1)
FNDA:1,(anonymous_2)
FNDA:1,(anonymous_3)
FNDA:0,(anonymous_4)
FNDA:0,(anonymous_5)
FNDA:0,(anonymous_6)
FNDA:0,(anonymous_7)
FNDA:0,(anonymous_8)
FNDA:1,(anonymous_9)
FNDA:0,(anonymous_10)
FNDA:0,(anonymous_11)
DA:1,1
DA:2,1
DA:3,1
DA:11,1
DA:13,1
DA:14,3
DA:15,3
DA:16,3
DA:17,3
DA:18,3
DA:20,3
DA:21,3
DA:22,3
DA:23,3
DA:24,3
DA:26,3
DA:27,1
DA:28,1
DA:29,1
DA:30,1
DA:31,0
DA:33,1
DA:37,3
DA:38,1
DA:39,1
DA:40,0
DA:42,1
DA:44,1
DA:48,3
DA:49,0
DA:52,3
DA:53,0
DA:54,0
DA:55,0
DA:56,0
DA:57,0
DA:58,0
DA:60,0
DA:64,3
DA:65,0
DA:66,0
DA:67,0
DA:68,0
DA:69,0
DA:70,0
DA:71,0
DA:72,0
DA:74,0
DA:78,3
DA:87,0
DA:92,3
DA:94,1
DA:97,0
DA:131,0
DA:142,1
LF:55
LH:33
BRDA:26,0,0,1
BRDA:30,1,0,0
BRDA:30,1,1,1
BRDA:39,2,0,0
BRDA:39,2,1,1
BRDA:105,3,0,0
BRDA:105,3,1,3
BRF:7
BRH:4
end_of_record
TN:
SF:src/pages/Subjects.tsx
FN:6,(anonymous_0)
FN:16,(anonymous_1)
FN:28,(anonymous_2)
FN:29,(anonymous_3)
FN:39,(anonymous_4)
FN:49,(anonymous_5)
FN:50,(anonymous_6)
FN:57,(anonymous_7)
FNF:8
FNH:5
FNDA:3,(anonymous_0)
FNDA:1,(anonymous_1)
FNDA:1,(anonymous_2)
FNDA:1,(anonymous_3)
FNDA:0,(anonymous_4)
FNDA:0,(anonymous_5)
FNDA:0,(anonymous_6)
FNDA:1,(anonymous_7)
DA:1,1
DA:2,1
DA:3,1
DA:6,1
DA:7,3
DA:8,3
DA:9,3
DA:11,3
DA:12,3
DA:13,3
DA:14,3
DA:16,3
DA:17,1
DA:18,1
DA:19,1
DA:20,1
DA:21,0
DA:24,1
DA:28,3
DA:29,1
DA:30,1
DA:31,0
DA:33,1
DA:35,1
DA:39,3
DA:40,0
DA:43,3
DA:50,0
DA:55,3
DA:57,1
DA:80,1
LF:31
LH:27
BRDA:16,0,0,1
BRDA:20,1,0,0
BRDA:20,1,1,1
BRDA:30,2,0,0
BRDA:30,2,1,1
BRDA:62,3,0,0
BRDA:62,3,1,3
BRF:7
BRH:4
end_of_record
TN:
SF:src/pages/TeacherDashboard.tsx
FN:5,(anonymous_0)
FNF:1
FNH:1
FNDA:1,(anonymous_0)
DA:2,1
DA:3,1
DA:5,1
DA:6,1
DA:8,1
DA:10,1
DA:27,1
LF:7
LH:7
BRDA:8,0,0,0
BRDA:8,0,1,1
BRF:2
BRH:1
end_of_record
TN:
SF:src/services/announcementsApi.ts
FN:13,(anonymous_0)
FN:15,(anonymous_1)
FN:16,(anonymous_2)
FN:18,(anonymous_3)
FN:22,(anonymous_4)
FNF:5
FNH:1
FNDA:1,(anonymous_0)
FNDA:0,(anonymous_1)
FNDA:0,(anonymous_2)
FNDA:0,(anonymous_3)
FNDA:0,(anonymous_4)
DA:3,1
DA:12,1
DA:13,1
DA:15,0
DA:17,0
DA:18,0
DA:22,0
DA:32,1
LF:8
LH:4
BRDA:17,0,0,0
BRDA:17,0,1,0
BRF:2
BRH:0
end_of_record
TN:
SF:src/services/api.ts
FN:8,(anonymous_0)
FN:17,(anonymous_1)
FNF:2
FNH:1
FNDA:0,(anonymous_0)
FNDA:6,(anonymous_1)
DA:1,6
DA:4,6
DA:9,0
DA:10,0
DA:11,0
DA:13,0
DA:17,6
LF:7
LH:3
BRDA:10,0,0,0
BRDA:10,0,1,0
BRF:2
BRH:0
end_of_record
TN:
SF:src/services/authApi.ts
FN:5,(anonymous_0)
FN:7,(anonymous_1)
FNF:2
FNH:1
FNDA:1,(anonymous_0)
FNDA:0,(anonymous_1)
DA:2,1
DA:4,1
DA:5,1
DA:7,0
DA:16,1
LF:5
LH:4
BRF:0
BRH:0
end_of_record
TN:
SF:src/services/baseApi.ts
FN:7,(anonymous_0)
FN:19,(anonymous_1)
FNF:2
FNH:2
FNDA:8,(anonymous_0)
FNDA:3,(anonymous_1)
DA:2,3
DA:5,3
DA:8,8
DA:9,8
DA:10,0
DA:12,8
DA:16,3
DA:19,3
LF:8
LH:7
BRDA:9,0,0,0
BRDA:9,0,1,8
BRF:2
BRH:1
end_of_record
TN:
SF:src/services/classesApi.ts
FN:10,(anonymous_0)
FN:12,(anonymous_1)
FN:13,(anonymous_2)
FN:15,(anonymous_3)
FNF:4
FNH:1
FNDA:1,(anonymous_0)
FNDA:0,(anonymous_1)
FNDA:0,(anonymous_2)
FNDA:0,(anonymous_3)
DA:1,1
DA:9,1
DA:10,1
DA:12,0
DA:14,0
DA:15,0
DA:21,1
LF:7
LH:4
BRDA:14,0,0,0
BRDA:14,0,1,0
BRF:2
BRH:0
end_of_record
TN:
SF:src/services/dashboardApi.ts
FN:4,(anonymous_0)
FN:6,(anonymous_1)
FN:10,(anonymous_2)
FNF:3
FNH:1
FNDA:2,(anonymous_0)
FNDA:0,(anonymous_1)
FNDA:0,(anonymous_2)
DA:1,2
DA:3,2
DA:4,2
DA:6,0
DA:10,0
DA:17,2
LF:6
LH:4
BRF:0
BRH:0
end_of_record
TN:
SF:src/services/studentsApi.ts
FN:15,(anonymous_0)
FN:17,(anonymous_1)
FN:18,(anonymous_2)
FN:20,(anonymous_3)
FN:24,(anonymous_4)
FN:25,(anonymous_5)
FN:28,(anonymous_6)
FN:36,(anonymous_7)
FN:41,(anonymous_8)
FN:44,(anonymous_9)
FN:52,(anonymous_10)
FNF:11
FNH:11
FNDA:3,(anonymous_0)
FNDA:3,(anonymous_1)
FNDA:3,(anonymous_2)
FNDA:1,(anonymous_3)
FNDA:1,(anonymous_4)
FNDA:1,(anonymous_5)
FNDA:1,(anonymous_6)
FNDA:1,(anonymous_7)
FNDA:1,(anonymous_8)
FNDA:1,(anonymous_9)
FNDA:1,(anonymous_10)
DA:2,3
DA:14,3
DA:15,3
DA:17,3
DA:19,3
DA:20,1
DA:24,1
DA:25,1
DA:28,1
DA:36,1
DA:41,1
DA:44,1
DA:52,1
DA:58,3
LF:14
LH:14
BRDA:17,0,0,0
BRDA:17,0,1,3
BRDA:19,1,0,1
BRDA:19,1,1,2
BRDA:41,2,0,1
BRDA:41,2,1,0
BRF:6
BRH:4
end_of_record
TN:
SF:src/services/subjectsApi.ts
FN:11,(anonymous_0)
FN:13,(anonymous_1)
FN:17,(anonymous_2)
FN:25,(anonymous_3)
FN:30,(anonymous_4)
FNF:5
FNH:1
FNDA:1,(anonymous_0)
FNDA:0,(anonymous_1)
FNDA:0,(anonymous_2)
FNDA:0,(anonymous_3)
FNDA:0,(anonymous_4)
DA:2,1
DA:10,1
DA:11,1
DA:13,0
DA:17,0
DA:25,0
DA:30,0
DA:35,1
LF:8
LH:4
BRDA:30,0,0,0
BRDA:30,0,1,0
BRF:2
BRH:0
end_of_record
TN:
SF:src/store/authSlice.ts
FN:18,(anonymous_0)
FN:33,(anonymous_1)
FNF:2
FNH:1
FNDA:0,(anonymous_0)
FNDA:4,(anonymous_1)
DA:2,3
DA:10,3
DA:14,3
DA:19,0
DA:20,0
DA:21,0
DA:23,0
DA:29,3
DA:31,3
DA:33,4
LF:10
LH:6
BRDA:20,0,0,0
BRDA:20,0,1,0
BRF:2
BRH:0
end_of_record
TN:
SF:src/store/hooks.ts
FN:7,(anonymous_0)
FNF:1
FNH:0
FNDA:0,(anonymous_0)
DA:2,1
DA:7,1
DA:8,1
LF:3
LH:3
BRF:0
BRH:0
end_of_record
