<?xml version="1.0" encoding="UTF-8"?>
<coverage generated="1762522542193" clover="3.2.0">
  <project timestamp="1762522542193" name="All files">
    <metrics statements="233" coveredstatements="184" conditionals="67" coveredconditionals="21" methods="67" coveredmethods="30" elements="367" coveredelements="235" complexity="0" loc="233" ncloc="233" packages="3" files="14" classes="14"/>
    <package name="components.Layout">
      <metrics statements="24" coveredstatements="24" conditionals="0" coveredconditionals="0" methods="4" coveredmethods="4"/>
      <file name="Layout.tsx" path="/home/ashisheradi/nam/frontend/superadmin-portal/src/components/Layout/Layout.tsx">
        <metrics statements="7" coveredstatements="7" conditionals="0" coveredconditionals="0" methods="1" coveredmethods="1"/>
        <line num="2" count="1" type="stmt"/>
        <line num="3" count="1" type="stmt"/>
        <line num="4" count="1" type="stmt"/>
        <line num="5" count="1" type="stmt"/>
        <line num="7" count="1" type="stmt"/>
        <line num="8" count="1" type="stmt"/>
        <line num="20" count="1" type="stmt"/>
      </file>
      <file name="Navbar.tsx" path="/home/ashisheradi/nam/frontend/superadmin-portal/src/components/Layout/Navbar.tsx">
        <metrics statements="7" coveredstatements="7" conditionals="0" coveredconditionals="0" methods="2" coveredmethods="2"/>
        <line num="2" count="2" type="stmt"/>
        <line num="3" count="2" type="stmt"/>
        <line num="4" count="2" type="stmt"/>
        <line num="6" count="2" type="stmt"/>
        <line num="7" count="2" type="stmt"/>
        <line num="10" count="2" type="stmt"/>
        <line num="22" count="2" type="stmt"/>
      </file>
      <file name="Sidebar.tsx" path="/home/ashisheradi/nam/frontend/superadmin-portal/src/components/Layout/Sidebar.tsx">
        <metrics statements="10" coveredstatements="10" conditionals="0" coveredconditionals="0" methods="1" coveredmethods="1"/>
        <line num="2" count="2" type="stmt"/>
        <line num="3" count="2" type="stmt"/>
        <line num="4" count="2" type="stmt"/>
        <line num="5" count="2" type="stmt"/>
        <line num="6" count="2" type="stmt"/>
        <line num="7" count="2" type="stmt"/>
        <line num="9" count="2" type="stmt"/>
        <line num="11" count="2" type="stmt"/>
        <line num="12" count="2" type="stmt"/>
        <line num="53" count="2" type="stmt"/>
      </file>
    </package>
    <package name="pages">
      <metrics statements="156" coveredstatements="137" conditionals="45" coveredconditionals="21" methods="27" coveredmethods="20"/>
      <file name="Dashboard.tsx" path="/home/ashisheradi/nam/frontend/superadmin-portal/src/pages/Dashboard.tsx">
        <metrics statements="11" coveredstatements="10" conditionals="8" coveredconditionals="4" methods="1" coveredmethods="1"/>
        <line num="1" count="1" type="stmt"/>
        <line num="2" count="1" type="stmt"/>
        <line num="3" count="1" type="stmt"/>
        <line num="4" count="1" type="stmt"/>
        <line num="6" count="1" type="stmt"/>
        <line num="7" count="1" type="stmt"/>
        <line num="9" count="1" type="cond" truecount="1" falsecount="1"/>
        <line num="10" count="0" type="stmt"/>
        <line num="13" count="1" type="stmt"/>
        <line num="19" count="1" type="stmt"/>
        <line num="97" count="1" type="stmt"/>
      </file>
      <file name="FeatureToggles.tsx" path="/home/ashisheradi/nam/frontend/superadmin-portal/src/pages/FeatureToggles.tsx">
        <metrics statements="21" coveredstatements="19" conditionals="4" coveredconditionals="2" methods="4" coveredmethods="4"/>
        <line num="1" count="1" type="stmt"/>
        <line num="2" count="1" type="stmt"/>
        <line num="3" count="1" type="stmt"/>
        <line num="4" count="1" type="stmt"/>
        <line num="5" count="1" type="stmt"/>
        <line num="6" count="1" type="stmt"/>
        <line num="7" count="1" type="stmt"/>
        <line num="8" count="1" type="stmt"/>
        <line num="10" count="1" type="stmt"/>
        <line num="11" count="1" type="stmt"/>
        <line num="12" count="1" type="stmt"/>
        <line num="14" count="1" type="stmt"/>
        <line num="15" count="1" type="stmt"/>
        <line num="18" count="1" type="cond" truecount="1" falsecount="1"/>
        <line num="19" count="0" type="stmt"/>
        <line num="22" count="1" type="cond" truecount="1" falsecount="1"/>
        <line num="23" count="0" type="stmt"/>
        <line num="26" count="1" type="stmt"/>
        <line num="33" count="1" type="stmt"/>
        <line num="37" count="1" type="stmt"/>
        <line num="47" count="1" type="stmt"/>
      </file>
      <file name="Hostel.tsx" path="/home/ashisheradi/nam/frontend/superadmin-portal/src/pages/Hostel.tsx">
        <metrics statements="41" coveredstatements="36" conditionals="11" coveredconditionals="5" methods="7" coveredmethods="5"/>
        <line num="2" count="1" type="stmt"/>
        <line num="5" count="1" type="stmt"/>
        <line num="6" count="1" type="stmt"/>
        <line num="7" count="1" type="stmt"/>
        <line num="8" count="1" type="stmt"/>
        <line num="9" count="1" type="stmt"/>
        <line num="10" count="1" type="stmt"/>
        <line num="11" count="1" type="stmt"/>
        <line num="12" count="1" type="stmt"/>
        <line num="13" count="1" type="stmt"/>
        <line num="15" count="1" type="stmt"/>
        <line num="17" count="1" type="stmt"/>
        <line num="18" count="3" type="stmt"/>
        <line num="26" count="3" type="stmt"/>
        <line num="27" count="3" type="stmt"/>
        <line num="28" count="3" type="stmt"/>
        <line num="29" count="3" type="stmt"/>
        <line num="31" count="3" type="stmt"/>
        <line num="32" count="3" type="stmt"/>
        <line num="34" count="3" type="cond" truecount="1" falsecount="0"/>
        <line num="35" count="1" type="stmt"/>
        <line num="36" count="1" type="stmt"/>
        <line num="39" count="3" type="stmt"/>
        <line num="40" count="1" type="stmt"/>
        <line num="41" count="1" type="stmt"/>
        <line num="44" count="3" type="stmt"/>
        <line num="45" count="1" type="stmt"/>
        <line num="46" count="1" type="stmt"/>
        <line num="47" count="1" type="stmt"/>
        <line num="49" count="1" type="cond" truecount="1" falsecount="1"/>
        <line num="50" count="0" type="stmt"/>
        <line num="52" count="1" type="stmt"/>
        <line num="54" count="1" type="stmt"/>
        <line num="57" count="3" type="stmt"/>
        <line num="58" count="0" type="cond" truecount="0" falsecount="2"/>
        <line num="59" count="0" type="stmt"/>
        <line num="60" count="0" type="stmt"/>
        <line num="64" count="3" type="stmt"/>
        <line num="69" count="1" type="stmt"/>
        <line num="76" count="0" type="stmt"/>
        <line num="99" count="1" type="stmt"/>
      </file>
      <file name="Schools.tsx" path="/home/ashisheradi/nam/frontend/superadmin-portal/src/pages/Schools.tsx">
        <metrics statements="42" coveredstatements="36" conditionals="11" coveredconditionals="5" methods="8" coveredmethods="5"/>
        <line num="2" count="1" type="stmt"/>
        <line num="5" count="1" type="stmt"/>
        <line num="6" count="1" type="stmt"/>
        <line num="7" count="1" type="stmt"/>
        <line num="8" count="1" type="stmt"/>
        <line num="9" count="1" type="stmt"/>
        <line num="10" count="1" type="stmt"/>
        <line num="11" count="1" type="stmt"/>
        <line num="12" count="1" type="stmt"/>
        <line num="13" count="1" type="stmt"/>
        <line num="15" count="1" type="stmt"/>
        <line num="17" count="1" type="stmt"/>
        <line num="18" count="3" type="stmt"/>
        <line num="26" count="0" type="stmt"/>
        <line num="29" count="3" type="stmt"/>
        <line num="30" count="3" type="stmt"/>
        <line num="31" count="3" type="stmt"/>
        <line num="32" count="3" type="stmt"/>
        <line num="34" count="3" type="stmt"/>
        <line num="35" count="3" type="stmt"/>
        <line num="37" count="3" type="cond" truecount="1" falsecount="0"/>
        <line num="38" count="1" type="stmt"/>
        <line num="39" count="1" type="stmt"/>
        <line num="42" count="3" type="stmt"/>
        <line num="43" count="1" type="stmt"/>
        <line num="44" count="1" type="stmt"/>
        <line num="47" count="3" type="stmt"/>
        <line num="48" count="1" type="stmt"/>
        <line num="49" count="1" type="stmt"/>
        <line num="50" count="1" type="stmt"/>
        <line num="52" count="1" type="cond" truecount="1" falsecount="1"/>
        <line num="53" count="0" type="stmt"/>
        <line num="55" count="1" type="stmt"/>
        <line num="57" count="1" type="stmt"/>
        <line num="60" count="3" type="stmt"/>
        <line num="61" count="0" type="cond" truecount="0" falsecount="2"/>
        <line num="62" count="0" type="stmt"/>
        <line num="63" count="0" type="stmt"/>
        <line num="67" count="3" type="stmt"/>
        <line num="72" count="1" type="stmt"/>
        <line num="79" count="0" type="stmt"/>
        <line num="105" count="1" type="stmt"/>
      </file>
      <file name="Users.tsx" path="/home/ashisheradi/nam/frontend/superadmin-portal/src/pages/Users.tsx">
        <metrics statements="41" coveredstatements="36" conditionals="11" coveredconditionals="5" methods="7" coveredmethods="5"/>
        <line num="2" count="1" type="stmt"/>
        <line num="3" count="1" type="stmt"/>
        <line num="5" count="1" type="stmt"/>
        <line num="6" count="1" type="stmt"/>
        <line num="7" count="1" type="stmt"/>
        <line num="8" count="1" type="stmt"/>
        <line num="9" count="1" type="stmt"/>
        <line num="10" count="1" type="stmt"/>
        <line num="11" count="1" type="stmt"/>
        <line num="12" count="1" type="stmt"/>
        <line num="13" count="1" type="stmt"/>
        <line num="15" count="1" type="stmt"/>
        <line num="16" count="3" type="stmt"/>
        <line num="23" count="3" type="stmt"/>
        <line num="24" count="3" type="stmt"/>
        <line num="25" count="3" type="stmt"/>
        <line num="26" count="3" type="stmt"/>
        <line num="28" count="3" type="stmt"/>
        <line num="29" count="3" type="stmt"/>
        <line num="31" count="3" type="cond" truecount="1" falsecount="0"/>
        <line num="32" count="1" type="stmt"/>
        <line num="33" count="1" type="stmt"/>
        <line num="36" count="3" type="stmt"/>
        <line num="37" count="1" type="stmt"/>
        <line num="38" count="1" type="stmt"/>
        <line num="41" count="3" type="stmt"/>
        <line num="42" count="1" type="stmt"/>
        <line num="43" count="1" type="stmt"/>
        <line num="44" count="1" type="stmt"/>
        <line num="46" count="1" type="cond" truecount="1" falsecount="1"/>
        <line num="47" count="0" type="stmt"/>
        <line num="49" count="1" type="stmt"/>
        <line num="51" count="1" type="stmt"/>
        <line num="54" count="3" type="stmt"/>
        <line num="55" count="0" type="cond" truecount="0" falsecount="2"/>
        <line num="56" count="0" type="stmt"/>
        <line num="57" count="0" type="stmt"/>
        <line num="61" count="3" type="stmt"/>
        <line num="66" count="1" type="stmt"/>
        <line num="73" count="0" type="stmt"/>
        <line num="95" count="1" type="stmt"/>
      </file>
    </package>
    <package name="services">
      <metrics statements="53" coveredstatements="23" conditionals="22" coveredconditionals="0" methods="36" coveredmethods="6"/>
      <file name="api.ts" path="/home/ashisheradi/nam/frontend/superadmin-portal/src/services/api.ts">
        <metrics statements="3" coveredstatements="3" conditionals="0" coveredconditionals="0" methods="1" coveredmethods="1"/>
        <line num="1" count="5" type="stmt"/>
        <line num="3" count="5" type="stmt"/>
        <line num="7" count="5" type="stmt"/>
      </file>
      <file name="dashboardApi.ts" path="/home/ashisheradi/nam/frontend/superadmin-portal/src/services/dashboardApi.ts">
        <metrics statements="5" coveredstatements="4" conditionals="0" coveredconditionals="0" methods="2" coveredmethods="1"/>
        <line num="1" count="1" type="stmt"/>
        <line num="11" count="1" type="stmt"/>
        <line num="12" count="1" type="stmt"/>
        <line num="14" count="0" type="stmt"/>
        <line num="19" count="1" type="stmt"/>
      </file>
      <file name="featureTogglesApi.ts" path="/home/ashisheradi/nam/frontend/superadmin-portal/src/services/featureTogglesApi.ts">
        <metrics statements="9" coveredstatements="4" conditionals="4" coveredconditionals="0" methods="6" coveredmethods="1"/>
        <line num="2" count="1" type="stmt"/>
        <line num="11" count="1" type="stmt"/>
        <line num="12" count="1" type="stmt"/>
        <line num="14" count="0" type="stmt"/>
        <line num="16" count="0" type="cond" truecount="0" falsecount="2"/>
        <line num="17" count="0" type="stmt"/>
        <line num="21" count="0" type="stmt"/>
        <line num="26" count="0" type="cond" truecount="0" falsecount="2"/>
        <line num="32" count="1" type="stmt"/>
      </file>
      <file name="hostelApi.ts" path="/home/ashisheradi/nam/frontend/superadmin-portal/src/services/hostelApi.ts">
        <metrics statements="12" coveredstatements="4" conditionals="6" coveredconditionals="0" methods="9" coveredmethods="1"/>
        <line num="2" count="1" type="stmt"/>
        <line num="14" count="1" type="stmt"/>
        <line num="15" count="1" type="stmt"/>
        <line num="17" count="0" type="stmt"/>
        <line num="19" count="0" type="cond" truecount="0" falsecount="2"/>
        <line num="20" count="0" type="stmt"/>
        <line num="24" count="0" type="stmt"/>
        <line num="32" count="0" type="stmt"/>
        <line num="37" count="0" type="cond" truecount="0" falsecount="2"/>
        <line num="40" count="0" type="stmt"/>
        <line num="44" count="0" type="cond" truecount="0" falsecount="2"/>
        <line num="50" count="1" type="stmt"/>
      </file>
      <file name="schoolsApi.ts" path="/home/ashisheradi/nam/frontend/superadmin-portal/src/services/schoolsApi.ts">
        <metrics statements="12" coveredstatements="4" conditionals="6" coveredconditionals="0" methods="9" coveredmethods="1"/>
        <line num="2" count="1" type="stmt"/>
        <line num="18" count="1" type="stmt"/>
        <line num="19" count="1" type="stmt"/>
        <line num="21" count="0" type="stmt"/>
        <line num="23" count="0" type="cond" truecount="0" falsecount="2"/>
        <line num="24" count="0" type="stmt"/>
        <line num="28" count="0" type="stmt"/>
        <line num="36" count="0" type="stmt"/>
        <line num="41" count="0" type="cond" truecount="0" falsecount="2"/>
        <line num="44" count="0" type="stmt"/>
        <line num="48" count="0" type="cond" truecount="0" falsecount="2"/>
        <line num="54" count="1" type="stmt"/>
      </file>
      <file name="usersApi.ts" path="/home/ashisheradi/nam/frontend/superadmin-portal/src/services/usersApi.ts">
        <metrics statements="12" coveredstatements="4" conditionals="6" coveredconditionals="0" methods="9" coveredmethods="1"/>
        <line num="2" count="1" type="stmt"/>
        <line num="13" count="1" type="stmt"/>
        <line num="14" count="1" type="stmt"/>
        <line num="16" count="0" type="stmt"/>
        <line num="18" count="0" type="cond" truecount="0" falsecount="2"/>
        <line num="19" count="0" type="stmt"/>
        <line num="23" count="0" type="stmt"/>
        <line num="31" count="0" type="stmt"/>
        <line num="36" count="0" type="cond" truecount="0" falsecount="2"/>
        <line num="39" count="0" type="stmt"/>
        <line num="43" count="0" type="cond" truecount="0" falsecount="2"/>
        <line num="49" count="1" type="stmt"/>
      </file>
    </package>
  </project>
</coverage>
