{"/home/ashisheradi/nam/frontend/superadmin-portal/src/components/Layout/Layout.tsx": {"path":"/home/ashisheradi/nam/frontend/superadmin-portal/src/components/Layout/Layout.tsx","statementMap":{"0":{"start":{"line":2,"column":0},"end":{"line":2,"column":36}},"1":{"start":{"line":3,"column":0},"end":{"line":3,"column":52}},"2":{"start":{"line":4,"column":0},"end":{"line":4,"column":32}},"3":{"start":{"line":5,"column":0},"end":{"line":5,"column":30}},"4":{"start":{"line":7,"column":15},"end":{"line":18,"column":1}},"5":{"start":{"line":8,"column":2},"end":{"line":17,"column":4}},"6":{"start":{"line":20,"column":0},"end":{"line":20,"column":22}}},"fnMap":{"0":{"name":"(anonymous_1)","decl":{"start":{"line":7,"column":15},"end":{"line":7,"column":16}},"loc":{"start":{"line":7,"column":63},"end":{"line":18,"column":1}}}},"branchMap":{},"s":{"0":1,"1":1,"2":1,"3":1,"4":1,"5":1,"6":1},"f":{"0":1},"b":{}}
,"/home/ashisheradi/nam/frontend/superadmin-portal/src/components/Layout/Navbar.tsx": {"path":"/home/ashisheradi/nam/frontend/superadmin-portal/src/components/Layout/Navbar.tsx","statementMap":{"0":{"start":{"line":2,"column":0},"end":{"line":2,"column":42}},"1":{"start":{"line":3,"column":0},"end":{"line":3,"column":44}},"2":{"start":{"line":4,"column":0},"end":{"line":4,"column":50}},"3":{"start":{"line":6,"column":15},"end":{"line":20,"column":1}},"4":{"start":{"line":7,"column":2},"end":{"line":19,"column":4}},"5":{"start":{"line":10,"column":31},"end":{"line":10,"column":54}},"6":{"start":{"line":22,"column":0},"end":{"line":22,"column":22}}},"fnMap":{"0":{"name":"(anonymous_1)","decl":{"start":{"line":6,"column":15},"end":{"line":6,"column":18}},"loc":{"start":{"line":6,"column":20},"end":{"line":20,"column":1}}},"1":{"name":"(anonymous_2)","decl":{"start":{"line":10,"column":20},"end":{"line":10,"column":21}},"loc":{"start":{"line":10,"column":31},"end":{"line":10,"column":54}}}},"branchMap":{},"s":{"0":2,"1":2,"2":2,"3":2,"4":2,"5":2,"6":2},"f":{"0":2,"1":2},"b":{}}
,"/home/ashisheradi/nam/frontend/superadmin-portal/src/components/Layout/Sidebar.tsx": {"path":"/home/ashisheradi/nam/frontend/superadmin-portal/src/components/Layout/Sidebar.tsx","statementMap":{"0":{"start":{"line":2,"column":0},"end":{"line":2,"column":40}},"1":{"start":{"line":3,"column":0},"end":{"line":3,"column":42}},"2":{"start":{"line":4,"column":0},"end":{"line":4,"column":38}},"3":{"start":{"line":5,"column":0},"end":{"line":5,"column":58}},"4":{"start":{"line":6,"column":0},"end":{"line":6,"column":54}},"5":{"start":{"line":7,"column":0},"end":{"line":7,"column":44}},"6":{"start":{"line":9,"column":20},"end":{"line":9,"column":23}},"7":{"start":{"line":11,"column":16},"end":{"line":51,"column":1}},"8":{"start":{"line":12,"column":2},"end":{"line":50,"column":4}},"9":{"start":{"line":53,"column":0},"end":{"line":53,"column":23}}},"fnMap":{"0":{"name":"(anonymous_1)","decl":{"start":{"line":11,"column":16},"end":{"line":11,"column":19}},"loc":{"start":{"line":11,"column":21},"end":{"line":51,"column":1}}}},"branchMap":{},"s":{"0":2,"1":2,"2":2,"3":2,"4":2,"5":2,"6":2,"7":2,"8":2,"9":2},"f":{"0":2},"b":{}}
,"/home/ashisheradi/nam/frontend/superadmin-portal/src/pages/Dashboard.tsx": {"path":"/home/ashisheradi/nam/frontend/superadmin-portal/src/pages/Dashboard.tsx","statementMap":{"0":{"start":{"line":1,"column":0},"end":{"line":1,"column":74}},"1":{"start":{"line":2,"column":0},"end":{"line":2,"column":85}},"2":{"start":{"line":3,"column":0},"end":{"line":3,"column":36}},"3":{"start":{"line":4,"column":0},"end":{"line":4,"column":108}},"4":{"start":{"line":6,"column":18},"end":{"line":95,"column":1}},"5":{"start":{"line":7,"column":30},"end":{"line":7,"column":62}},"6":{"start":{"line":9,"column":2},"end":{"line":11,"column":3}},"7":{"start":{"line":10,"column":4},"end":{"line":10,"column":32}},"8":{"start":{"line":13,"column":20},"end":{"line":17,"column":4}},"9":{"start":{"line":19,"column":2},"end":{"line":94,"column":4}},"10":{"start":{"line":97,"column":0},"end":{"line":97,"column":25}}},"fnMap":{"0":{"name":"(anonymous_1)","decl":{"start":{"line":6,"column":18},"end":{"line":6,"column":21}},"loc":{"start":{"line":6,"column":23},"end":{"line":95,"column":1}}}},"branchMap":{"0":{"loc":{"start":{"line":9,"column":2},"end":{"line":11,"column":3}},"type":"if","locations":[{"start":{"line":9,"column":2},"end":{"line":11,"column":3}},{"start":{},"end":{}}]},"1":{"loc":{"start":{"line":14,"column":30},"end":{"line":14,"column":54}},"type":"binary-expr","locations":[{"start":{"line":14,"column":30},"end":{"line":14,"column":49}},{"start":{"line":14,"column":53},"end":{"line":14,"column":54}}]},"2":{"loc":{"start":{"line":15,"column":28},"end":{"line":15,"column":50}},"type":"binary-expr","locations":[{"start":{"line":15,"column":28},"end":{"line":15,"column":45}},{"start":{"line":15,"column":49},"end":{"line":15,"column":50}}]},"3":{"loc":{"start":{"line":16,"column":31},"end":{"line":16,"column":56}},"type":"binary-expr","locations":[{"start":{"line":16,"column":31},"end":{"line":16,"column":51}},{"start":{"line":16,"column":55},"end":{"line":16,"column":56}}]}},"s":{"0":1,"1":1,"2":1,"3":1,"4":1,"5":1,"6":1,"7":0,"8":1,"9":1,"10":1},"f":{"0":1},"b":{"0":[0,1],"1":[1,0],"2":[1,0],"3":[1,0]}}
,"/home/ashisheradi/nam/frontend/superadmin-portal/src/pages/FeatureToggles.tsx": {"path":"/home/ashisheradi/nam/frontend/superadmin-portal/src/pages/FeatureToggles.tsx","statementMap":{"0":{"start":{"line":1,"column":0},"end":{"line":1,"column":106}},"1":{"start":{"line":2,"column":0},"end":{"line":2,"column":36}},"2":{"start":{"line":3,"column":0},"end":{"line":3,"column":50}},"3":{"start":{"line":4,"column":0},"end":{"line":4,"column":38}},"4":{"start":{"line":5,"column":0},"end":{"line":5,"column":46}},"5":{"start":{"line":6,"column":0},"end":{"line":6,"column":54}},"6":{"start":{"line":7,"column":0},"end":{"line":7,"column":42}},"7":{"start":{"line":8,"column":0},"end":{"line":8,"column":62}},"8":{"start":{"line":10,"column":23},"end":{"line":45,"column":1}},"9":{"start":{"line":11,"column":53},"end":{"line":11,"column":80}},"10":{"start":{"line":12,"column":32},"end":{"line":12,"column":64}},"11":{"start":{"line":14,"column":23},"end":{"line":16,"column":3}},"12":{"start":{"line":15,"column":4},"end":{"line":15,"column":69}},"13":{"start":{"line":18,"column":2},"end":{"line":20,"column":3}},"14":{"start":{"line":19,"column":4},"end":{"line":19,"column":32}},"15":{"start":{"line":22,"column":2},"end":{"line":24,"column":3}},"16":{"start":{"line":23,"column":4},"end":{"line":23,"column":81}},"17":{"start":{"line":26,"column":2},"end":{"line":44,"column":4}},"18":{"start":{"line":33,"column":10},"end":{"line":33,"column":null}},"19":{"start":{"line":37,"column":30},"end":{"line":37,"column":82}},"20":{"start":{"line":47,"column":0},"end":{"line":47,"column":30}}},"fnMap":{"0":{"name":"(anonymous_1)","decl":{"start":{"line":10,"column":23},"end":{"line":10,"column":26}},"loc":{"start":{"line":10,"column":28},"end":{"line":45,"column":1}}},"1":{"name":"(anonymous_2)","decl":{"start":{"line":14,"column":23},"end":{"line":14,"column":24}},"loc":{"start":{"line":14,"column":61},"end":{"line":16,"column":3}}},"2":{"name":"(anonymous_3)","decl":{"start":{"line":32,"column":29},"end":{"line":32,"column":30}},"loc":{"start":{"line":33,"column":10},"end":{"line":33,"column":null}}},"3":{"name":"(anonymous_4)","decl":{"start":{"line":37,"column":24},"end":{"line":37,"column":27}},"loc":{"start":{"line":37,"column":30},"end":{"line":37,"column":82}}}},"branchMap":{"0":{"loc":{"start":{"line":18,"column":2},"end":{"line":20,"column":3}},"type":"if","locations":[{"start":{"line":18,"column":2},"end":{"line":20,"column":3}},{"start":{},"end":{}}]},"1":{"loc":{"start":{"line":22,"column":2},"end":{"line":24,"column":3}},"type":"if","locations":[{"start":{"line":22,"column":2},"end":{"line":24,"column":3}},{"start":{},"end":{}}]}},"s":{"0":1,"1":1,"2":1,"3":1,"4":1,"5":1,"6":1,"7":1,"8":1,"9":1,"10":1,"11":1,"12":1,"13":1,"14":0,"15":1,"16":0,"17":1,"18":1,"19":1,"20":1},"f":{"0":1,"1":1,"2":1,"3":1},"b":{"0":[0,1],"1":[0,1]}}
,"/home/ashisheradi/nam/frontend/superadmin-portal/src/pages/Hostel.tsx": {"path":"/home/ashisheradi/nam/frontend/superadmin-portal/src/pages/Hostel.tsx","statementMap":{"0":{"start":{"line":2,"column":0},"end":{"line":2,"column":40}},"1":{"start":{"line":5,"column":0},"end":{"line":5,"column":134}},"2":{"start":{"line":6,"column":0},"end":{"line":6,"column":42}},"3":{"start":{"line":7,"column":0},"end":{"line":7,"column":48}},"4":{"start":{"line":8,"column":0},"end":{"line":8,"column":42}},"5":{"start":{"line":9,"column":0},"end":{"line":9,"column":56}},"6":{"start":{"line":10,"column":0},"end":{"line":10,"column":56}},"7":{"start":{"line":11,"column":0},"end":{"line":11,"column":52}},"8":{"start":{"line":12,"column":0},"end":{"line":12,"column":36}},"9":{"start":{"line":13,"column":0},"end":{"line":13,"column":50}},"10":{"start":{"line":15,"column":0},"end":{"line":15,"column":59}},"11":{"start":{"line":17,"column":16},"end":{"line":97,"column":1}},"12":{"start":{"line":18,"column":40},"end":{"line":24,"column":4}},"13":{"start":{"line":26,"column":39},"end":{"line":26,"column":59}},"14":{"start":{"line":27,"column":25},"end":{"line":27,"column":50}},"15":{"start":{"line":28,"column":25},"end":{"line":28,"column":50}},"16":{"start":{"line":29,"column":25},"end":{"line":29,"column":50}},"17":{"start":{"line":31,"column":26},"end":{"line":31,"column":41}},"18":{"start":{"line":32,"column":46},"end":{"line":32,"column":75}},"19":{"start":{"line":34,"column":26},"end":{"line":37,"column":3}},"20":{"start":{"line":35,"column":4},"end":{"line":35,"column":30}},"21":{"start":{"line":36,"column":4},"end":{"line":36,"column":18}},"22":{"start":{"line":39,"column":22},"end":{"line":42,"column":3}},"23":{"start":{"line":40,"column":4},"end":{"line":40,"column":19}},"24":{"start":{"line":41,"column":4},"end":{"line":41,"column":28}},"25":{"start":{"line":44,"column":21},"end":{"line":55,"column":3}},"26":{"start":{"line":45,"column":4},"end":{"line":45,"column":27}},"27":{"start":{"line":46,"column":21},"end":{"line":46,"column":54}},"28":{"start":{"line":47,"column":21},"end":{"line":47,"column":73}},"29":{"start":{"line":49,"column":4},"end":{"line":53,"column":5}},"30":{"start":{"line":50,"column":6},"end":{"line":50,"column":68}},"31":{"start":{"line":52,"column":6},"end":{"line":52,"column":35}},"32":{"start":{"line":54,"column":4},"end":{"line":54,"column":18}},"33":{"start":{"line":57,"column":23},"end":{"line":62,"column":3}},"34":{"start":{"line":58,"column":4},"end":{"line":61,"column":5}},"35":{"start":{"line":59,"column":6},"end":{"line":59,"column":44}},"36":{"start":{"line":60,"column":6},"end":{"line":60,"column":20}},"37":{"start":{"line":64,"column":2},"end":{"line":96,"column":4}},"38":{"start":{"line":69,"column":49},"end":{"line":69,"column":66}},"39":{"start":{"line":76,"column":55},"end":{"line":76,"column":82}},"40":{"start":{"line":99,"column":0},"end":{"line":99,"column":23}}},"fnMap":{"0":{"name":"(anonymous_1)","decl":{"start":{"line":17,"column":16},"end":{"line":17,"column":19}},"loc":{"start":{"line":17,"column":21},"end":{"line":97,"column":1}}},"1":{"name":"(anonymous_2)","decl":{"start":{"line":34,"column":26},"end":{"line":34,"column":27}},"loc":{"start":{"line":34,"column":59},"end":{"line":37,"column":3}}},"2":{"name":"(anonymous_3)","decl":{"start":{"line":39,"column":22},"end":{"line":39,"column":25}},"loc":{"start":{"line":39,"column":27},"end":{"line":42,"column":3}}},"3":{"name":"(anonymous_4)","decl":{"start":{"line":44,"column":21},"end":{"line":44,"column":26}},"loc":{"start":{"line":44,"column":71},"end":{"line":55,"column":3}}},"4":{"name":"(anonymous_5)","decl":{"start":{"line":57,"column":23},"end":{"line":57,"column":28}},"loc":{"start":{"line":57,"column":34},"end":{"line":62,"column":3}}},"5":{"name":"(anonymous_6)","decl":{"start":{"line":69,"column":43},"end":{"line":69,"column":46}},"loc":{"start":{"line":69,"column":49},"end":{"line":69,"column":66}}},"6":{"name":"(anonymous_7)","decl":{"start":{"line":76,"column":20},"end":{"line":76,"column":21}},"loc":{"start":{"line":76,"column":55},"end":{"line":76,"column":82}}}},"branchMap":{"0":{"loc":{"start":{"line":34,"column":27},"end":{"line":34,"column":55}},"type":"default-arg","locations":[{"start":{"line":34,"column":51},"end":{"line":34,"column":55}}]},"1":{"loc":{"start":{"line":49,"column":4},"end":{"line":53,"column":5}},"type":"if","locations":[{"start":{"line":49,"column":4},"end":{"line":53,"column":5}},{"start":{"line":51,"column":11},"end":{"line":53,"column":5}}]},"2":{"loc":{"start":{"line":58,"column":4},"end":{"line":61,"column":5}},"type":"if","locations":[{"start":{"line":58,"column":4},"end":{"line":61,"column":5}},{"start":{},"end":{}}]},"3":{"loc":{"start":{"line":73,"column":14},"end":{"line":73,"column":27}},"type":"binary-expr","locations":[{"start":{"line":73,"column":14},"end":{"line":73,"column":21}},{"start":{"line":73,"column":25},"end":{"line":73,"column":27}}]},"4":{"loc":{"start":{"line":79,"column":22},"end":{"line":79,"column":70}},"type":"cond-expr","locations":[{"start":{"line":79,"column":39},"end":{"line":79,"column":52}},{"start":{"line":79,"column":55},"end":{"line":79,"column":70}}]},"5":{"loc":{"start":{"line":88,"column":15},"end":{"line":88,"column":93}},"type":"binary-expr","locations":[{"start":{"line":88,"column":15},"end":{"line":88,"column":29}},{"start":{"line":88,"column":33},"end":{"line":88,"column":93}}]}},"s":{"0":1,"1":1,"2":1,"3":1,"4":1,"5":1,"6":1,"7":1,"8":1,"9":1,"10":1,"11":1,"12":3,"13":3,"14":3,"15":3,"16":3,"17":3,"18":3,"19":3,"20":1,"21":1,"22":3,"23":1,"24":1,"25":3,"26":1,"27":1,"28":1,"29":1,"30":0,"31":1,"32":1,"33":3,"34":0,"35":0,"36":0,"37":3,"38":1,"39":0,"40":1},"f":{"0":3,"1":1,"2":1,"3":1,"4":0,"5":1,"6":0},"b":{"0":[1],"1":[0,1],"2":[0,0],"3":[3,0],"4":[0,3],"5":[3,0]}}
,"/home/ashisheradi/nam/frontend/superadmin-portal/src/pages/Schools.tsx": {"path":"/home/ashisheradi/nam/frontend/superadmin-portal/src/pages/Schools.tsx","statementMap":{"0":{"start":{"line":2,"column":0},"end":{"line":2,"column":40}},"1":{"start":{"line":5,"column":0},"end":{"line":5,"column":135}},"2":{"start":{"line":6,"column":0},"end":{"line":6,"column":42}},"3":{"start":{"line":7,"column":0},"end":{"line":7,"column":48}},"4":{"start":{"line":8,"column":0},"end":{"line":8,"column":42}},"5":{"start":{"line":9,"column":0},"end":{"line":9,"column":56}},"6":{"start":{"line":10,"column":0},"end":{"line":10,"column":56}},"7":{"start":{"line":11,"column":0},"end":{"line":11,"column":52}},"8":{"start":{"line":12,"column":0},"end":{"line":12,"column":36}},"9":{"start":{"line":13,"column":0},"end":{"line":13,"column":50}},"10":{"start":{"line":15,"column":0},"end":{"line":15,"column":59}},"11":{"start":{"line":17,"column":16},"end":{"line":103,"column":1}},"12":{"start":{"line":18,"column":40},"end":{"line":27,"column":4}},"13":{"start":{"line":26,"column":79},"end":{"line":26,"column":84}},"14":{"start":{"line":29,"column":39},"end":{"line":29,"column":59}},"15":{"start":{"line":30,"column":25},"end":{"line":30,"column":50}},"16":{"start":{"line":31,"column":25},"end":{"line":31,"column":50}},"17":{"start":{"line":32,"column":25},"end":{"line":32,"column":50}},"18":{"start":{"line":34,"column":26},"end":{"line":34,"column":41}},"19":{"start":{"line":35,"column":46},"end":{"line":35,"column":75}},"20":{"start":{"line":37,"column":26},"end":{"line":40,"column":3}},"21":{"start":{"line":38,"column":4},"end":{"line":38,"column":30}},"22":{"start":{"line":39,"column":4},"end":{"line":39,"column":18}},"23":{"start":{"line":42,"column":22},"end":{"line":45,"column":3}},"24":{"start":{"line":43,"column":4},"end":{"line":43,"column":19}},"25":{"start":{"line":44,"column":4},"end":{"line":44,"column":28}},"26":{"start":{"line":47,"column":21},"end":{"line":58,"column":3}},"27":{"start":{"line":48,"column":4},"end":{"line":48,"column":27}},"28":{"start":{"line":49,"column":21},"end":{"line":49,"column":54}},"29":{"start":{"line":50,"column":21},"end":{"line":50,"column":73}},"30":{"start":{"line":52,"column":4},"end":{"line":56,"column":5}},"31":{"start":{"line":53,"column":6},"end":{"line":53,"column":68}},"32":{"start":{"line":55,"column":6},"end":{"line":55,"column":35}},"33":{"start":{"line":57,"column":4},"end":{"line":57,"column":18}},"34":{"start":{"line":60,"column":23},"end":{"line":65,"column":3}},"35":{"start":{"line":61,"column":4},"end":{"line":64,"column":5}},"36":{"start":{"line":62,"column":6},"end":{"line":62,"column":44}},"37":{"start":{"line":63,"column":6},"end":{"line":63,"column":20}},"38":{"start":{"line":67,"column":2},"end":{"line":102,"column":4}},"39":{"start":{"line":72,"column":49},"end":{"line":72,"column":66}},"40":{"start":{"line":79,"column":55},"end":{"line":79,"column":82}},"41":{"start":{"line":105,"column":0},"end":{"line":105,"column":23}}},"fnMap":{"0":{"name":"(anonymous_1)","decl":{"start":{"line":17,"column":16},"end":{"line":17,"column":19}},"loc":{"start":{"line":17,"column":21},"end":{"line":103,"column":1}}},"1":{"name":"(anonymous_2)","decl":{"start":{"line":26,"column":73},"end":{"line":26,"column":76}},"loc":{"start":{"line":26,"column":79},"end":{"line":26,"column":84}}},"2":{"name":"(anonymous_3)","decl":{"start":{"line":37,"column":26},"end":{"line":37,"column":27}},"loc":{"start":{"line":37,"column":59},"end":{"line":40,"column":3}}},"3":{"name":"(anonymous_4)","decl":{"start":{"line":42,"column":22},"end":{"line":42,"column":25}},"loc":{"start":{"line":42,"column":27},"end":{"line":45,"column":3}}},"4":{"name":"(anonymous_5)","decl":{"start":{"line":47,"column":21},"end":{"line":47,"column":26}},"loc":{"start":{"line":47,"column":71},"end":{"line":58,"column":3}}},"5":{"name":"(anonymous_6)","decl":{"start":{"line":60,"column":23},"end":{"line":60,"column":28}},"loc":{"start":{"line":60,"column":34},"end":{"line":65,"column":3}}},"6":{"name":"(anonymous_7)","decl":{"start":{"line":72,"column":43},"end":{"line":72,"column":46}},"loc":{"start":{"line":72,"column":49},"end":{"line":72,"column":66}}},"7":{"name":"(anonymous_8)","decl":{"start":{"line":79,"column":20},"end":{"line":79,"column":21}},"loc":{"start":{"line":79,"column":55},"end":{"line":79,"column":82}}}},"branchMap":{"0":{"loc":{"start":{"line":37,"column":27},"end":{"line":37,"column":55}},"type":"default-arg","locations":[{"start":{"line":37,"column":51},"end":{"line":37,"column":55}}]},"1":{"loc":{"start":{"line":52,"column":4},"end":{"line":56,"column":5}},"type":"if","locations":[{"start":{"line":52,"column":4},"end":{"line":56,"column":5}},{"start":{"line":54,"column":11},"end":{"line":56,"column":5}}]},"2":{"loc":{"start":{"line":61,"column":4},"end":{"line":64,"column":5}},"type":"if","locations":[{"start":{"line":61,"column":4},"end":{"line":64,"column":5}},{"start":{},"end":{}}]},"3":{"loc":{"start":{"line":76,"column":14},"end":{"line":76,"column":27}},"type":"binary-expr","locations":[{"start":{"line":76,"column":14},"end":{"line":76,"column":21}},{"start":{"line":76,"column":25},"end":{"line":76,"column":27}}]},"4":{"loc":{"start":{"line":82,"column":22},"end":{"line":82,"column":70}},"type":"cond-expr","locations":[{"start":{"line":82,"column":39},"end":{"line":82,"column":52}},{"start":{"line":82,"column":55},"end":{"line":82,"column":70}}]},"5":{"loc":{"start":{"line":94,"column":15},"end":{"line":94,"column":93}},"type":"binary-expr","locations":[{"start":{"line":94,"column":15},"end":{"line":94,"column":29}},{"start":{"line":94,"column":33},"end":{"line":94,"column":93}}]}},"s":{"0":1,"1":1,"2":1,"3":1,"4":1,"5":1,"6":1,"7":1,"8":1,"9":1,"10":1,"11":1,"12":3,"13":0,"14":3,"15":3,"16":3,"17":3,"18":3,"19":3,"20":3,"21":1,"22":1,"23":3,"24":1,"25":1,"26":3,"27":1,"28":1,"29":1,"30":1,"31":0,"32":1,"33":1,"34":3,"35":0,"36":0,"37":0,"38":3,"39":1,"40":0,"41":1},"f":{"0":3,"1":0,"2":1,"3":1,"4":1,"5":0,"6":1,"7":0},"b":{"0":[1],"1":[0,1],"2":[0,0],"3":[3,0],"4":[0,3],"5":[3,0]}}
,"/home/ashisheradi/nam/frontend/superadmin-portal/src/pages/Users.tsx": {"path":"/home/ashisheradi/nam/frontend/superadmin-portal/src/pages/Users.tsx","statementMap":{"0":{"start":{"line":2,"column":0},"end":{"line":2,"column":40}},"1":{"start":{"line":3,"column":0},"end":{"line":3,"column":56}},"2":{"start":{"line":5,"column":0},"end":{"line":5,"column":125}},"3":{"start":{"line":6,"column":0},"end":{"line":6,"column":42}},"4":{"start":{"line":7,"column":0},"end":{"line":7,"column":48}},"5":{"start":{"line":8,"column":0},"end":{"line":8,"column":42}},"6":{"start":{"line":9,"column":0},"end":{"line":9,"column":56}},"7":{"start":{"line":10,"column":0},"end":{"line":10,"column":56}},"8":{"start":{"line":11,"column":0},"end":{"line":11,"column":52}},"9":{"start":{"line":12,"column":0},"end":{"line":12,"column":36}},"10":{"start":{"line":13,"column":0},"end":{"line":13,"column":50}},"11":{"start":{"line":15,"column":14},"end":{"line":93,"column":1}},"12":{"start":{"line":16,"column":38},"end":{"line":21,"column":4}},"13":{"start":{"line":23,"column":37},"end":{"line":23,"column":55}},"14":{"start":{"line":24,"column":23},"end":{"line":24,"column":46}},"15":{"start":{"line":25,"column":23},"end":{"line":25,"column":46}},"16":{"start":{"line":26,"column":23},"end":{"line":26,"column":46}},"17":{"start":{"line":28,"column":26},"end":{"line":28,"column":41}},"18":{"start":{"line":29,"column":42},"end":{"line":29,"column":69}},"19":{"start":{"line":31,"column":26},"end":{"line":34,"column":3}},"20":{"start":{"line":32,"column":4},"end":{"line":32,"column":26}},"21":{"start":{"line":33,"column":4},"end":{"line":33,"column":18}},"22":{"start":{"line":36,"column":22},"end":{"line":39,"column":3}},"23":{"start":{"line":37,"column":4},"end":{"line":37,"column":19}},"24":{"start":{"line":38,"column":4},"end":{"line":38,"column":26}},"25":{"start":{"line":41,"column":21},"end":{"line":52,"column":3}},"26":{"start":{"line":42,"column":4},"end":{"line":42,"column":27}},"27":{"start":{"line":43,"column":21},"end":{"line":43,"column":54}},"28":{"start":{"line":44,"column":21},"end":{"line":44,"column":73}},"29":{"start":{"line":46,"column":4},"end":{"line":50,"column":5}},"30":{"start":{"line":47,"column":6},"end":{"line":47,"column":64}},"31":{"start":{"line":49,"column":6},"end":{"line":49,"column":33}},"32":{"start":{"line":51,"column":4},"end":{"line":51,"column":18}},"33":{"start":{"line":54,"column":23},"end":{"line":59,"column":3}},"34":{"start":{"line":55,"column":4},"end":{"line":58,"column":5}},"35":{"start":{"line":56,"column":6},"end":{"line":56,"column":40}},"36":{"start":{"line":57,"column":6},"end":{"line":57,"column":20}},"37":{"start":{"line":61,"column":2},"end":{"line":92,"column":4}},"38":{"start":{"line":66,"column":49},"end":{"line":66,"column":66}},"39":{"start":{"line":73,"column":32},"end":{"line":73,"column":59}},"40":{"start":{"line":95,"column":0},"end":{"line":95,"column":21}}},"fnMap":{"0":{"name":"(anonymous_1)","decl":{"start":{"line":15,"column":14},"end":{"line":15,"column":17}},"loc":{"start":{"line":15,"column":19},"end":{"line":93,"column":1}}},"1":{"name":"(anonymous_2)","decl":{"start":{"line":31,"column":26},"end":{"line":31,"column":27}},"loc":{"start":{"line":31,"column":55},"end":{"line":34,"column":3}}},"2":{"name":"(anonymous_3)","decl":{"start":{"line":36,"column":22},"end":{"line":36,"column":25}},"loc":{"start":{"line":36,"column":27},"end":{"line":39,"column":3}}},"3":{"name":"(anonymous_4)","decl":{"start":{"line":41,"column":21},"end":{"line":41,"column":26}},"loc":{"start":{"line":41,"column":71},"end":{"line":52,"column":3}}},"4":{"name":"(anonymous_5)","decl":{"start":{"line":54,"column":23},"end":{"line":54,"column":28}},"loc":{"start":{"line":54,"column":34},"end":{"line":59,"column":3}}},"5":{"name":"(anonymous_6)","decl":{"start":{"line":66,"column":43},"end":{"line":66,"column":46}},"loc":{"start":{"line":66,"column":49},"end":{"line":66,"column":66}}},"6":{"name":"(anonymous_7)","decl":{"start":{"line":73,"column":20},"end":{"line":73,"column":21}},"loc":{"start":{"line":73,"column":32},"end":{"line":73,"column":59}}}},"branchMap":{"0":{"loc":{"start":{"line":31,"column":27},"end":{"line":31,"column":51}},"type":"default-arg","locations":[{"start":{"line":31,"column":47},"end":{"line":31,"column":51}}]},"1":{"loc":{"start":{"line":46,"column":4},"end":{"line":50,"column":5}},"type":"if","locations":[{"start":{"line":46,"column":4},"end":{"line":50,"column":5}},{"start":{"line":48,"column":11},"end":{"line":50,"column":5}}]},"2":{"loc":{"start":{"line":55,"column":4},"end":{"line":58,"column":5}},"type":"if","locations":[{"start":{"line":55,"column":4},"end":{"line":58,"column":5}},{"start":{},"end":{}}]},"3":{"loc":{"start":{"line":70,"column":14},"end":{"line":70,"column":25}},"type":"binary-expr","locations":[{"start":{"line":70,"column":14},"end":{"line":70,"column":19}},{"start":{"line":70,"column":23},"end":{"line":70,"column":25}}]},"4":{"loc":{"start":{"line":76,"column":22},"end":{"line":76,"column":64}},"type":"cond-expr","locations":[{"start":{"line":76,"column":37},"end":{"line":76,"column":48}},{"start":{"line":76,"column":51},"end":{"line":76,"column":64}}]},"5":{"loc":{"start":{"line":84,"column":15},"end":{"line":84,"column":91}},"type":"binary-expr","locations":[{"start":{"line":84,"column":15},"end":{"line":84,"column":27}},{"start":{"line":84,"column":31},"end":{"line":84,"column":91}}]}},"s":{"0":1,"1":1,"2":1,"3":1,"4":1,"5":1,"6":1,"7":1,"8":1,"9":1,"10":1,"11":1,"12":3,"13":3,"14":3,"15":3,"16":3,"17":3,"18":3,"19":3,"20":1,"21":1,"22":3,"23":1,"24":1,"25":3,"26":1,"27":1,"28":1,"29":1,"30":0,"31":1,"32":1,"33":3,"34":0,"35":0,"36":0,"37":3,"38":1,"39":0,"40":1},"f":{"0":3,"1":1,"2":1,"3":1,"4":0,"5":1,"6":0},"b":{"0":[1],"1":[0,1],"2":[0,0],"3":[3,0],"4":[0,3],"5":[3,0]}}
,"/home/ashisheradi/nam/frontend/superadmin-portal/src/services/api.ts": {"path":"/home/ashisheradi/nam/frontend/superadmin-portal/src/services/api.ts","statementMap":{"0":{"start":{"line":1,"column":0},"end":{"line":1,"column":73}},"1":{"start":{"line":3,"column":13},"end":{"line":8,"column":3}},"2":{"start":{"line":7,"column":20},"end":{"line":7,"column":22}}},"fnMap":{"0":{"name":"(anonymous_0)","decl":{"start":{"line":7,"column":13},"end":{"line":7,"column":16}},"loc":{"start":{"line":7,"column":20},"end":{"line":7,"column":22}}}},"branchMap":{},"s":{"0":5,"1":5,"2":5},"f":{"0":5},"b":{}}
,"/home/ashisheradi/nam/frontend/superadmin-portal/src/services/dashboardApi.ts": {"path":"/home/ashisheradi/nam/frontend/superadmin-portal/src/services/dashboardApi.ts","statementMap":{"0":{"start":{"line":1,"column":0},"end":{"line":1,"column":28}},"1":{"start":{"line":11,"column":13},"end":{"line":17,"column":3}},"2":{"start":{"line":12,"column":27},"end":{"line":16,"column":4}},"3":{"start":{"line":14,"column":19},"end":{"line":14,"column":41}},"4":{"start":{"line":19,"column":15},"end":{"line":19,"column":63}}},"fnMap":{"0":{"name":"(anonymous_0)","decl":{"start":{"line":12,"column":13},"end":{"line":12,"column":14}},"loc":{"start":{"line":12,"column":27},"end":{"line":16,"column":4}}},"1":{"name":"(anonymous_1)","decl":{"start":{"line":14,"column":13},"end":{"line":14,"column":16}},"loc":{"start":{"line":14,"column":19},"end":{"line":14,"column":41}}}},"branchMap":{},"s":{"0":1,"1":1,"2":1,"3":0,"4":1},"f":{"0":1,"1":0},"b":{}}
,"/home/ashisheradi/nam/frontend/superadmin-portal/src/services/featureTogglesApi.ts": {"path":"/home/ashisheradi/nam/frontend/superadmin-portal/src/services/featureTogglesApi.ts","statementMap":{"0":{"start":{"line":2,"column":0},"end":{"line":2,"column":28}},"1":{"start":{"line":11,"column":13},"end":{"line":29,"column":3}},"2":{"start":{"line":12,"column":27},"end":{"line":28,"column":4}},"3":{"start":{"line":14,"column":19},"end":{"line":14,"column":37}},"4":{"start":{"line":16,"column":8},"end":{"line":18,"column":51}},"5":{"start":{"line":17,"column":40},"end":{"line":17,"column":78}},"6":{"start":{"line":21,"column":34},"end":{"line":25,"column":8}},"7":{"start":{"line":26,"column":35},"end":{"line":26,"column":91}},"8":{"start":{"line":32,"column":2},"end":{"line":34,"column":22}}},"fnMap":{"0":{"name":"(anonymous_0)","decl":{"start":{"line":12,"column":13},"end":{"line":12,"column":14}},"loc":{"start":{"line":12,"column":27},"end":{"line":28,"column":4}}},"1":{"name":"(anonymous_1)","decl":{"start":{"line":14,"column":13},"end":{"line":14,"column":16}},"loc":{"start":{"line":14,"column":19},"end":{"line":14,"column":37}}},"2":{"name":"(anonymous_2)","decl":{"start":{"line":15,"column":20},"end":{"line":15,"column":21}},"loc":{"start":{"line":16,"column":8},"end":{"line":18,"column":51}}},"3":{"name":"(anonymous_3)","decl":{"start":{"line":17,"column":27},"end":{"line":17,"column":28}},"loc":{"start":{"line":17,"column":40},"end":{"line":17,"column":78}}},"4":{"name":"(anonymous_4)","decl":{"start":{"line":21,"column":13},"end":{"line":21,"column":14}},"loc":{"start":{"line":21,"column":34},"end":{"line":25,"column":8}}},"5":{"name":"(anonymous_5)","decl":{"start":{"line":26,"column":23},"end":{"line":26,"column":24}},"loc":{"start":{"line":26,"column":35},"end":{"line":26,"column":91}}}},"branchMap":{"0":{"loc":{"start":{"line":16,"column":8},"end":{"line":18,"column":51}},"type":"cond-expr","locations":[{"start":{"line":17,"column":12},"end":{"line":17,"column":120}},{"start":{"line":18,"column":12},"end":{"line":18,"column":51}}]},"1":{"loc":{"start":{"line":26,"column":35},"end":{"line":26,"column":91}},"type":"cond-expr","locations":[{"start":{"line":26,"column":44},"end":{"line":26,"column":86}},{"start":{"line":26,"column":89},"end":{"line":26,"column":91}}]}},"s":{"0":1,"1":1,"2":1,"3":0,"4":0,"5":0,"6":0,"7":0,"8":1},"f":{"0":1,"1":0,"2":0,"3":0,"4":0,"5":0},"b":{"0":[0,0],"1":[0,0]}}
,"/home/ashisheradi/nam/frontend/superadmin-portal/src/services/hostelApi.ts": {"path":"/home/ashisheradi/nam/frontend/superadmin-portal/src/services/hostelApi.ts","statementMap":{"0":{"start":{"line":2,"column":0},"end":{"line":2,"column":28}},"1":{"start":{"line":14,"column":13},"end":{"line":47,"column":3}},"2":{"start":{"line":15,"column":27},"end":{"line":46,"column":4}},"3":{"start":{"line":17,"column":19},"end":{"line":17,"column":35}},"4":{"start":{"line":19,"column":8},"end":{"line":21,"column":44}},"5":{"start":{"line":20,"column":40},"end":{"line":20,"column":71}},"6":{"start":{"line":24,"column":24},"end":{"line":28,"column":8}},"7":{"start":{"line":32,"column":32},"end":{"line":36,"column":8}},"8":{"start":{"line":37,"column":35},"end":{"line":37,"column":84}},"9":{"start":{"line":40,"column":22},"end":{"line":43,"column":8}},"10":{"start":{"line":44,"column":31},"end":{"line":44,"column":65}},"11":{"start":{"line":50,"column":2},"end":{"line":54,"column":14}}},"fnMap":{"0":{"name":"(anonymous_0)","decl":{"start":{"line":15,"column":13},"end":{"line":15,"column":14}},"loc":{"start":{"line":15,"column":27},"end":{"line":46,"column":4}}},"1":{"name":"(anonymous_1)","decl":{"start":{"line":17,"column":13},"end":{"line":17,"column":16}},"loc":{"start":{"line":17,"column":19},"end":{"line":17,"column":35}}},"2":{"name":"(anonymous_2)","decl":{"start":{"line":18,"column":20},"end":{"line":18,"column":21}},"loc":{"start":{"line":19,"column":8},"end":{"line":21,"column":44}}},"3":{"name":"(anonymous_3)","decl":{"start":{"line":20,"column":27},"end":{"line":20,"column":28}},"loc":{"start":{"line":20,"column":40},"end":{"line":20,"column":71}}},"4":{"name":"(anonymous_4)","decl":{"start":{"line":24,"column":13},"end":{"line":24,"column":14}},"loc":{"start":{"line":24,"column":24},"end":{"line":28,"column":8}}},"5":{"name":"(anonymous_5)","decl":{"start":{"line":32,"column":13},"end":{"line":32,"column":14}},"loc":{"start":{"line":32,"column":32},"end":{"line":36,"column":8}}},"6":{"name":"(anonymous_6)","decl":{"start":{"line":37,"column":23},"end":{"line":37,"column":24}},"loc":{"start":{"line":37,"column":35},"end":{"line":37,"column":84}}},"7":{"name":"(anonymous_7)","decl":{"start":{"line":40,"column":13},"end":{"line":40,"column":14}},"loc":{"start":{"line":40,"column":22},"end":{"line":43,"column":8}}},"8":{"name":"(anonymous_8)","decl":{"start":{"line":44,"column":23},"end":{"line":44,"column":24}},"loc":{"start":{"line":44,"column":31},"end":{"line":44,"column":65}}}},"branchMap":{"0":{"loc":{"start":{"line":19,"column":8},"end":{"line":21,"column":44}},"type":"cond-expr","locations":[{"start":{"line":20,"column":12},"end":{"line":20,"column":106}},{"start":{"line":21,"column":12},"end":{"line":21,"column":44}}]},"1":{"loc":{"start":{"line":37,"column":35},"end":{"line":37,"column":84}},"type":"cond-expr","locations":[{"start":{"line":37,"column":44},"end":{"line":37,"column":79}},{"start":{"line":37,"column":82},"end":{"line":37,"column":84}}]},"2":{"loc":{"start":{"line":44,"column":31},"end":{"line":44,"column":65}},"type":"cond-expr","locations":[{"start":{"line":44,"column":36},"end":{"line":44,"column":60}},{"start":{"line":44,"column":63},"end":{"line":44,"column":65}}]}},"s":{"0":1,"1":1,"2":1,"3":0,"4":0,"5":0,"6":0,"7":0,"8":0,"9":0,"10":0,"11":1},"f":{"0":1,"1":0,"2":0,"3":0,"4":0,"5":0,"6":0,"7":0,"8":0},"b":{"0":[0,0],"1":[0,0],"2":[0,0]}}
,"/home/ashisheradi/nam/frontend/superadmin-portal/src/services/schoolsApi.ts": {"path":"/home/ashisheradi/nam/frontend/superadmin-portal/src/services/schoolsApi.ts","statementMap":{"0":{"start":{"line":2,"column":0},"end":{"line":2,"column":28}},"1":{"start":{"line":18,"column":13},"end":{"line":51,"column":3}},"2":{"start":{"line":19,"column":27},"end":{"line":50,"column":4}},"3":{"start":{"line":21,"column":19},"end":{"line":21,"column":28}},"4":{"start":{"line":23,"column":8},"end":{"line":25,"column":44}},"5":{"start":{"line":24,"column":40},"end":{"line":24,"column":71}},"6":{"start":{"line":28,"column":24},"end":{"line":32,"column":8}},"7":{"start":{"line":36,"column":32},"end":{"line":40,"column":8}},"8":{"start":{"line":41,"column":35},"end":{"line":41,"column":84}},"9":{"start":{"line":44,"column":22},"end":{"line":47,"column":8}},"10":{"start":{"line":48,"column":31},"end":{"line":48,"column":65}},"11":{"start":{"line":54,"column":2},"end":{"line":58,"column":15}}},"fnMap":{"0":{"name":"(anonymous_0)","decl":{"start":{"line":19,"column":13},"end":{"line":19,"column":14}},"loc":{"start":{"line":19,"column":27},"end":{"line":50,"column":4}}},"1":{"name":"(anonymous_1)","decl":{"start":{"line":21,"column":13},"end":{"line":21,"column":16}},"loc":{"start":{"line":21,"column":19},"end":{"line":21,"column":28}}},"2":{"name":"(anonymous_2)","decl":{"start":{"line":22,"column":20},"end":{"line":22,"column":21}},"loc":{"start":{"line":23,"column":8},"end":{"line":25,"column":44}}},"3":{"name":"(anonymous_3)","decl":{"start":{"line":24,"column":27},"end":{"line":24,"column":28}},"loc":{"start":{"line":24,"column":40},"end":{"line":24,"column":71}}},"4":{"name":"(anonymous_4)","decl":{"start":{"line":28,"column":13},"end":{"line":28,"column":14}},"loc":{"start":{"line":28,"column":24},"end":{"line":32,"column":8}}},"5":{"name":"(anonymous_5)","decl":{"start":{"line":36,"column":13},"end":{"line":36,"column":14}},"loc":{"start":{"line":36,"column":32},"end":{"line":40,"column":8}}},"6":{"name":"(anonymous_6)","decl":{"start":{"line":41,"column":23},"end":{"line":41,"column":24}},"loc":{"start":{"line":41,"column":35},"end":{"line":41,"column":84}}},"7":{"name":"(anonymous_7)","decl":{"start":{"line":44,"column":13},"end":{"line":44,"column":14}},"loc":{"start":{"line":44,"column":22},"end":{"line":47,"column":8}}},"8":{"name":"(anonymous_8)","decl":{"start":{"line":48,"column":23},"end":{"line":48,"column":24}},"loc":{"start":{"line":48,"column":31},"end":{"line":48,"column":65}}}},"branchMap":{"0":{"loc":{"start":{"line":23,"column":8},"end":{"line":25,"column":44}},"type":"cond-expr","locations":[{"start":{"line":24,"column":12},"end":{"line":24,"column":106}},{"start":{"line":25,"column":12},"end":{"line":25,"column":44}}]},"1":{"loc":{"start":{"line":41,"column":35},"end":{"line":41,"column":84}},"type":"cond-expr","locations":[{"start":{"line":41,"column":44},"end":{"line":41,"column":79}},{"start":{"line":41,"column":82},"end":{"line":41,"column":84}}]},"2":{"loc":{"start":{"line":48,"column":31},"end":{"line":48,"column":65}},"type":"cond-expr","locations":[{"start":{"line":48,"column":36},"end":{"line":48,"column":60}},{"start":{"line":48,"column":63},"end":{"line":48,"column":65}}]}},"s":{"0":1,"1":1,"2":1,"3":0,"4":0,"5":0,"6":0,"7":0,"8":0,"9":0,"10":0,"11":1},"f":{"0":1,"1":0,"2":0,"3":0,"4":0,"5":0,"6":0,"7":0,"8":0},"b":{"0":[0,0],"1":[0,0],"2":[0,0]}}
,"/home/ashisheradi/nam/frontend/superadmin-portal/src/services/usersApi.ts": {"path":"/home/ashisheradi/nam/frontend/superadmin-portal/src/services/usersApi.ts","statementMap":{"0":{"start":{"line":2,"column":0},"end":{"line":2,"column":28}},"1":{"start":{"line":13,"column":13},"end":{"line":46,"column":3}},"2":{"start":{"line":14,"column":27},"end":{"line":45,"column":4}},"3":{"start":{"line":16,"column":19},"end":{"line":16,"column":26}},"4":{"start":{"line":18,"column":8},"end":{"line":20,"column":42}},"5":{"start":{"line":19,"column":40},"end":{"line":19,"column":69}},"6":{"start":{"line":23,"column":24},"end":{"line":27,"column":8}},"7":{"start":{"line":31,"column":32},"end":{"line":35,"column":8}},"8":{"start":{"line":36,"column":35},"end":{"line":36,"column":82}},"9":{"start":{"line":39,"column":22},"end":{"line":42,"column":8}},"10":{"start":{"line":43,"column":31},"end":{"line":43,"column":63}},"11":{"start":{"line":49,"column":2},"end":{"line":53,"column":13}}},"fnMap":{"0":{"name":"(anonymous_0)","decl":{"start":{"line":14,"column":13},"end":{"line":14,"column":14}},"loc":{"start":{"line":14,"column":27},"end":{"line":45,"column":4}}},"1":{"name":"(anonymous_1)","decl":{"start":{"line":16,"column":13},"end":{"line":16,"column":16}},"loc":{"start":{"line":16,"column":19},"end":{"line":16,"column":26}}},"2":{"name":"(anonymous_2)","decl":{"start":{"line":17,"column":20},"end":{"line":17,"column":21}},"loc":{"start":{"line":18,"column":8},"end":{"line":20,"column":42}}},"3":{"name":"(anonymous_3)","decl":{"start":{"line":19,"column":27},"end":{"line":19,"column":28}},"loc":{"start":{"line":19,"column":40},"end":{"line":19,"column":69}}},"4":{"name":"(anonymous_4)","decl":{"start":{"line":23,"column":13},"end":{"line":23,"column":14}},"loc":{"start":{"line":23,"column":24},"end":{"line":27,"column":8}}},"5":{"name":"(anonymous_5)","decl":{"start":{"line":31,"column":13},"end":{"line":31,"column":14}},"loc":{"start":{"line":31,"column":32},"end":{"line":35,"column":8}}},"6":{"name":"(anonymous_6)","decl":{"start":{"line":36,"column":23},"end":{"line":36,"column":24}},"loc":{"start":{"line":36,"column":35},"end":{"line":36,"column":82}}},"7":{"name":"(anonymous_7)","decl":{"start":{"line":39,"column":13},"end":{"line":39,"column":14}},"loc":{"start":{"line":39,"column":22},"end":{"line":42,"column":8}}},"8":{"name":"(anonymous_8)","decl":{"start":{"line":43,"column":23},"end":{"line":43,"column":24}},"loc":{"start":{"line":43,"column":31},"end":{"line":43,"column":63}}}},"branchMap":{"0":{"loc":{"start":{"line":18,"column":8},"end":{"line":20,"column":42}},"type":"cond-expr","locations":[{"start":{"line":19,"column":12},"end":{"line":19,"column":102}},{"start":{"line":20,"column":12},"end":{"line":20,"column":42}}]},"1":{"loc":{"start":{"line":36,"column":35},"end":{"line":36,"column":82}},"type":"cond-expr","locations":[{"start":{"line":36,"column":44},"end":{"line":36,"column":77}},{"start":{"line":36,"column":80},"end":{"line":36,"column":82}}]},"2":{"loc":{"start":{"line":43,"column":31},"end":{"line":43,"column":63}},"type":"cond-expr","locations":[{"start":{"line":43,"column":36},"end":{"line":43,"column":58}},{"start":{"line":43,"column":61},"end":{"line":43,"column":63}}]}},"s":{"0":1,"1":1,"2":1,"3":0,"4":0,"5":0,"6":0,"7":0,"8":0,"9":0,"10":0,"11":1},"f":{"0":1,"1":0,"2":0,"3":0,"4":0,"5":0,"6":0,"7":0,"8":0},"b":{"0":[0,0],"1":[0,0],"2":[0,0]}}
}
