{"/home/ashisheradi/nam/frontend/family-portal/src/components/PrivateRoute.tsx": {"path":"/home/ashisheradi/nam/frontend/family-portal/src/components/PrivateRoute.tsx","statementMap":{"0":{"start":{"line":2,"column":0},"end":{"line":2,"column":52}},"1":{"start":{"line":3,"column":0},"end":{"line":3,"column":48}},"2":{"start":{"line":4,"column":0},"end":{"line":4,"column":49}},"3":{"start":{"line":6,"column":21},"end":{"line":10,"column":1}},"4":{"start":{"line":7,"column":16},"end":{"line":7,"column":43}},"5":{"start":{"line":9,"column":2},"end":{"line":9,"column":55}},"6":{"start":{"line":12,"column":0},"end":{"line":12,"column":28}}},"fnMap":{"0":{"name":"(anonymous_0)","decl":{"start":{"line":6,"column":21},"end":{"line":6,"column":24}},"loc":{"start":{"line":6,"column":26},"end":{"line":10,"column":1}}}},"branchMap":{"0":{"loc":{"start":{"line":9,"column":9},"end":{"line":9,"column":54}},"type":"cond-expr","locations":[{"start":{"line":9,"column":17},"end":{"line":9,"column":27}},{"start":{"line":9,"column":30},"end":{"line":9,"column":54}}]}},"s":{"0":1,"1":1,"2":1,"3":1,"4":2,"5":2,"6":1},"f":{"0":2},"b":{"0":[1,1]}}
,"/home/ashisheradi/nam/frontend/family-portal/src/components/Layout/Layout.tsx": {"path":"/home/ashisheradi/nam/frontend/family-portal/src/components/Layout/Layout.tsx","statementMap":{"0":{"start":{"line":2,"column":0},"end":{"line":2,"column":30}},"1":{"start":{"line":3,"column":0},"end":{"line":3,"column":42}},"2":{"start":{"line":4,"column":0},"end":{"line":4,"column":32}},"3":{"start":{"line":5,"column":0},"end":{"line":5,"column":30}},"4":{"start":{"line":7,"column":20},"end":{"line":7,"column":26}},"5":{"start":{"line":9,"column":28},"end":{"line":23,"column":1}},"6":{"start":{"line":10,"column":2},"end":{"line":22,"column":4}},"7":{"start":{"line":25,"column":0},"end":{"line":25,"column":25}}},"fnMap":{"0":{"name":"(anonymous_1)","decl":{"start":{"line":9,"column":28},"end":{"line":9,"column":31}},"loc":{"start":{"line":9,"column":33},"end":{"line":23,"column":1}}}},"branchMap":{},"s":{"0":1,"1":1,"2":1,"3":1,"4":1,"5":1,"6":1,"7":1},"f":{"0":1},"b":{}}
,"/home/ashisheradi/nam/frontend/family-portal/src/components/Layout/Navbar.tsx": {"path":"/home/ashisheradi/nam/frontend/family-portal/src/components/Layout/Navbar.tsx","statementMap":{"0":{"start":{"line":3,"column":0},"end":{"line":3,"column":30}},"1":{"start":{"line":5,"column":19},"end":{"line":5,"column":25}},"2":{"start":{"line":7,"column":25},"end":{"line":11,"column":1}},"3":{"start":{"line":8,"column":2},"end":{"line":10,"column":4}},"4":{"start":{"line":13,"column":0},"end":{"line":13,"column":22}}},"fnMap":{"0":{"name":"(anonymous_0)","decl":{"start":{"line":7,"column":25},"end":{"line":7,"column":28}},"loc":{"start":{"line":7,"column":30},"end":{"line":11,"column":1}}}},"branchMap":{},"s":{"0":1,"1":1,"2":1,"3":1,"4":1},"f":{"0":1},"b":{}}
,"/home/ashisheradi/nam/frontend/family-portal/src/components/Layout/Sidebar.tsx": {"path":"/home/ashisheradi/nam/frontend/family-portal/src/components/Layout/Sidebar.tsx","statementMap":{"0":{"start":{"line":3,"column":0},"end":{"line":3,"column":40}},"1":{"start":{"line":4,"column":0},"end":{"line":4,"column":36}},"2":{"start":{"line":6,"column":18},"end":{"line":6,"column":24}},"3":{"start":{"line":8,"column":26},"end":{"line":49,"column":1}},"4":{"start":{"line":9,"column":2},"end":{"line":48,"column":4}},"5":{"start":{"line":51,"column":0},"end":{"line":51,"column":23}}},"fnMap":{"0":{"name":"(anonymous_0)","decl":{"start":{"line":8,"column":26},"end":{"line":8,"column":29}},"loc":{"start":{"line":8,"column":31},"end":{"line":49,"column":1}}}},"branchMap":{},"s":{"0":2,"1":2,"2":2,"3":2,"4":2,"5":2},"f":{"0":2},"b":{}}
,"/home/ashisheradi/nam/frontend/family-portal/src/pages/Announcements.tsx": {"path":"/home/ashisheradi/nam/frontend/family-portal/src/pages/Announcements.tsx","statementMap":{"0":{"start":{"line":3,"column":0},"end":{"line":3,"column":34}},"1":{"start":{"line":4,"column":0},"end":{"line":4,"column":72}},"2":{"start":{"line":6,"column":32},"end":{"line":25,"column":1}},"3":{"start":{"line":7,"column":45},"end":{"line":7,"column":71}},"4":{"start":{"line":9,"column":2},"end":{"line":24,"column":4}},"5":{"start":{"line":16,"column":10},"end":{"line":19,"column":null}},"6":{"start":{"line":27,"column":0},"end":{"line":27,"column":29}}},"fnMap":{"0":{"name":"(anonymous_0)","decl":{"start":{"line":6,"column":32},"end":{"line":6,"column":35}},"loc":{"start":{"line":6,"column":37},"end":{"line":25,"column":1}}},"1":{"name":"(anonymous_1)","decl":{"start":{"line":15,"column":20},"end":{"line":15,"column":21}},"loc":{"start":{"line":16,"column":10},"end":{"line":19,"column":null}}}},"branchMap":{},"s":{"0":1,"1":1,"2":1,"3":1,"4":1,"5":2,"6":1},"f":{"0":1,"1":2},"b":{}}
,"/home/ashisheradi/nam/frontend/family-portal/src/pages/Children.tsx": {"path":"/home/ashisheradi/nam/frontend/family-portal/src/pages/Children.tsx","statementMap":{"0":{"start":{"line":2,"column":0},"end":{"line":2,"column":34}},"1":{"start":{"line":3,"column":0},"end":{"line":3,"column":62}},"2":{"start":{"line":5,"column":27},"end":{"line":26,"column":1}},"3":{"start":{"line":6,"column":40},"end":{"line":6,"column":63}},"4":{"start":{"line":8,"column":2},"end":{"line":25,"column":4}},"5":{"start":{"line":16,"column":10},"end":{"line":20,"column":null}},"6":{"start":{"line":28,"column":0},"end":{"line":28,"column":24}}},"fnMap":{"0":{"name":"(anonymous_0)","decl":{"start":{"line":5,"column":27},"end":{"line":5,"column":30}},"loc":{"start":{"line":5,"column":32},"end":{"line":26,"column":1}}},"1":{"name":"(anonymous_1)","decl":{"start":{"line":15,"column":20},"end":{"line":15,"column":21}},"loc":{"start":{"line":16,"column":10},"end":{"line":20,"column":null}}}},"branchMap":{},"s":{"0":1,"1":1,"2":1,"3":1,"4":1,"5":2,"6":1},"f":{"0":1,"1":2},"b":{}}
,"/home/ashisheradi/nam/frontend/family-portal/src/pages/Dashboard.tsx": {"path":"/home/ashisheradi/nam/frontend/family-portal/src/pages/Dashboard.tsx","statementMap":{"0":{"start":{"line":2,"column":0},"end":{"line":2,"column":49}},"1":{"start":{"line":3,"column":0},"end":{"line":3,"column":75}},"2":{"start":{"line":5,"column":28},"end":{"line":24,"column":1}},"3":{"start":{"line":6,"column":30},"end":{"line":6,"column":63}},"4":{"start":{"line":8,"column":2},"end":{"line":23,"column":4}},"5":{"start":{"line":26,"column":0},"end":{"line":26,"column":25}}},"fnMap":{"0":{"name":"(anonymous_0)","decl":{"start":{"line":5,"column":28},"end":{"line":5,"column":31}},"loc":{"start":{"line":5,"column":33},"end":{"line":24,"column":1}}}},"branchMap":{},"s":{"0":1,"1":1,"2":1,"3":1,"4":1,"5":1},"f":{"0":1},"b":{}}
,"/home/ashisheradi/nam/frontend/family-portal/src/pages/Grades.tsx": {"path":"/home/ashisheradi/nam/frontend/family-portal/src/pages/Grades.tsx","statementMap":{"0":{"start":{"line":2,"column":0},"end":{"line":2,"column":29}},"1":{"start":{"line":3,"column":0},"end":{"line":3,"column":60}},"2":{"start":{"line":5,"column":25},"end":{"line":21,"column":1}},"3":{"start":{"line":6,"column":38},"end":{"line":6,"column":59}},"4":{"start":{"line":8,"column":18},"end":{"line":13,"column":4}},"5":{"start":{"line":15,"column":2},"end":{"line":20,"column":4}},"6":{"start":{"line":23,"column":0},"end":{"line":23,"column":22}}},"fnMap":{"0":{"name":"(anonymous_0)","decl":{"start":{"line":5,"column":25},"end":{"line":5,"column":28}},"loc":{"start":{"line":5,"column":30},"end":{"line":21,"column":1}}}},"branchMap":{},"s":{"0":1,"1":1,"2":1,"3":1,"4":1,"5":1,"6":1},"f":{"0":1},"b":{}}
,"/home/ashisheradi/nam/frontend/family-portal/src/pages/Library.tsx": {"path":"/home/ashisheradi/nam/frontend/family-portal/src/pages/Library.tsx","statementMap":{"0":{"start":{"line":3,"column":0},"end":{"line":3,"column":35}},"1":{"start":{"line":4,"column":0},"end":{"line":4,"column":85}},"2":{"start":{"line":6,"column":24},"end":{"line":19,"column":1}},"3":{"start":{"line":7,"column":37},"end":{"line":7,"column":55}},"4":{"start":{"line":9,"column":18},"end":{"line":14,"column":4}},"5":{"start":{"line":16,"column":2},"end":{"line":18,"column":4}},"6":{"start":{"line":21,"column":33},"end":{"line":34,"column":1}},"7":{"start":{"line":22,"column":44},"end":{"line":22,"column":71}},"8":{"start":{"line":24,"column":18},"end":{"line":29,"column":4}},"9":{"start":{"line":31,"column":2},"end":{"line":33,"column":4}},"10":{"start":{"line":36,"column":26},"end":{"line":57,"column":1}},"11":{"start":{"line":37,"column":2},"end":{"line":56,"column":4}},"12":{"start":{"line":59,"column":0},"end":{"line":59,"column":23}}},"fnMap":{"0":{"name":"(anonymous_0)","decl":{"start":{"line":6,"column":24},"end":{"line":6,"column":27}},"loc":{"start":{"line":6,"column":29},"end":{"line":19,"column":1}}},"1":{"name":"(anonymous_1)","decl":{"start":{"line":21,"column":33},"end":{"line":21,"column":36}},"loc":{"start":{"line":21,"column":38},"end":{"line":34,"column":1}}},"2":{"name":"(anonymous_2)","decl":{"start":{"line":36,"column":26},"end":{"line":36,"column":29}},"loc":{"start":{"line":36,"column":31},"end":{"line":57,"column":1}}}},"branchMap":{},"s":{"0":1,"1":1,"2":1,"3":1,"4":1,"5":1,"6":1,"7":0,"8":0,"9":0,"10":1,"11":1,"12":1},"f":{"0":1,"1":0,"2":1},"b":{}}
,"/home/ashisheradi/nam/frontend/family-portal/src/pages/Login.tsx": {"path":"/home/ashisheradi/nam/frontend/family-portal/src/pages/Login.tsx","statementMap":{"0":{"start":{"line":2,"column":0},"end":{"line":2,"column":70}},"1":{"start":{"line":3,"column":0},"end":{"line":3,"column":55}},"2":{"start":{"line":4,"column":0},"end":{"line":4,"column":42}},"3":{"start":{"line":5,"column":0},"end":{"line":5,"column":46}},"4":{"start":{"line":6,"column":0},"end":{"line":6,"column":47}},"5":{"start":{"line":8,"column":18},"end":{"line":8,"column":28}},"6":{"start":{"line":10,"column":28},"end":{"line":57,"column":1}},"7":{"start":{"line":11,"column":33},"end":{"line":11,"column":51}},"8":{"start":{"line":12,"column":19},"end":{"line":12,"column":32}},"9":{"start":{"line":13,"column":19},"end":{"line":13,"column":32}},"10":{"start":{"line":15,"column":22},"end":{"line":23,"column":3}},"11":{"start":{"line":16,"column":4},"end":{"line":22,"column":5}},"12":{"start":{"line":17,"column":31},"end":{"line":17,"column":59}},"13":{"start":{"line":18,"column":6},"end":{"line":18,"column":39}},"14":{"start":{"line":19,"column":6},"end":{"line":19,"column":29}},"15":{"start":{"line":21,"column":6},"end":{"line":21,"column":39}},"16":{"start":{"line":25,"column":2},"end":{"line":56,"column":4}},"17":{"start":{"line":59,"column":0},"end":{"line":59,"column":25}}},"fnMap":{"0":{"name":"(anonymous_0)","decl":{"start":{"line":10,"column":28},"end":{"line":10,"column":31}},"loc":{"start":{"line":10,"column":33},"end":{"line":57,"column":1}}},"1":{"name":"(anonymous_1)","decl":{"start":{"line":15,"column":22},"end":{"line":15,"column":27}},"loc":{"start":{"line":15,"column":44},"end":{"line":23,"column":3}}}},"branchMap":{},"s":{"0":1,"1":1,"2":1,"3":1,"4":1,"5":1,"6":1,"7":2,"8":2,"9":2,"10":2,"11":1,"12":1,"13":1,"14":1,"15":0,"16":2,"17":1},"f":{"0":2,"1":1},"b":{}}
,"/home/ashisheradi/nam/frontend/family-portal/src/pages/Profile.tsx": {"path":"/home/ashisheradi/nam/frontend/family-portal/src/pages/Profile.tsx","statementMap":{"0":{"start":{"line":2,"column":0},"end":{"line":2,"column":26}},"1":{"start":{"line":3,"column":0},"end":{"line":3,"column":58}},"2":{"start":{"line":4,"column":0},"end":{"line":4,"column":118}},"3":{"start":{"line":6,"column":26},"end":{"line":43,"column":1}},"4":{"start":{"line":7,"column":39},"end":{"line":7,"column":61}},"5":{"start":{"line":8,"column":26},"end":{"line":8,"column":54}},"6":{"start":{"line":9,"column":17},"end":{"line":9,"column":31}},"7":{"start":{"line":11,"column":2},"end":{"line":15,"column":22}},"8":{"start":{"line":12,"column":4},"end":{"line":14,"column":5}},"9":{"start":{"line":13,"column":6},"end":{"line":13,"column":35}},"10":{"start":{"line":17,"column":19},"end":{"line":24,"column":3}},"11":{"start":{"line":18,"column":4},"end":{"line":23,"column":5}},"12":{"start":{"line":19,"column":6},"end":{"line":19,"column":43}},"13":{"start":{"line":20,"column":6},"end":{"line":20,"column":55}},"14":{"start":{"line":22,"column":6},"end":{"line":22,"column":49}},"15":{"start":{"line":26,"column":2},"end":{"line":42,"column":4}},"16":{"start":{"line":45,"column":0},"end":{"line":45,"column":23}}},"fnMap":{"0":{"name":"(anonymous_1)","decl":{"start":{"line":6,"column":26},"end":{"line":6,"column":29}},"loc":{"start":{"line":6,"column":31},"end":{"line":43,"column":1}}},"1":{"name":"(anonymous_2)","decl":{"start":{"line":11,"column":18},"end":{"line":11,"column":21}},"loc":{"start":{"line":11,"column":23},"end":{"line":15,"column":3}}},"2":{"name":"(anonymous_3)","decl":{"start":{"line":17,"column":19},"end":{"line":17,"column":24}},"loc":{"start":{"line":17,"column":58},"end":{"line":24,"column":3}}}},"branchMap":{"0":{"loc":{"start":{"line":12,"column":4},"end":{"line":14,"column":5}},"type":"if","locations":[{"start":{"line":12,"column":4},"end":{"line":14,"column":5}},{"start":{},"end":{}}]}},"s":{"0":1,"1":1,"2":1,"3":1,"4":1,"5":1,"6":1,"7":1,"8":1,"9":1,"10":1,"11":1,"12":1,"13":0,"14":1,"15":1,"16":1},"f":{"0":1,"1":1,"2":1},"b":{"0":[1,0]}}
,"/home/ashisheradi/nam/frontend/family-portal/src/pages/Timetable.tsx": {"path":"/home/ashisheradi/nam/frontend/family-portal/src/pages/Timetable.tsx","statementMap":{"0":{"start":{"line":3,"column":0},"end":{"line":3,"column":29}},"1":{"start":{"line":4,"column":0},"end":{"line":4,"column":66}},"2":{"start":{"line":6,"column":28},"end":{"line":24,"column":1}},"3":{"start":{"line":7,"column":41},"end":{"line":7,"column":65}},"4":{"start":{"line":9,"column":18},"end":{"line":16,"column":4}},"5":{"start":{"line":18,"column":2},"end":{"line":23,"column":4}},"6":{"start":{"line":26,"column":0},"end":{"line":26,"column":25}}},"fnMap":{"0":{"name":"(anonymous_0)","decl":{"start":{"line":6,"column":28},"end":{"line":6,"column":31}},"loc":{"start":{"line":6,"column":33},"end":{"line":24,"column":1}}}},"branchMap":{},"s":{"0":1,"1":1,"2":1,"3":1,"4":1,"5":1,"6":1},"f":{"0":1},"b":{}}
,"/home/ashisheradi/nam/frontend/family-portal/src/services/announcementsApi.ts": {"path":"/home/ashisheradi/nam/frontend/family-portal/src/services/announcementsApi.ts","statementMap":{"0":{"start":{"line":2,"column":0},"end":{"line":2,"column":28}},"1":{"start":{"line":11,"column":13},"end":{"line":18,"column":3}},"2":{"start":{"line":12,"column":27},"end":{"line":17,"column":4}},"3":{"start":{"line":14,"column":19},"end":{"line":14,"column":37}},"4":{"start":{"line":20,"column":15},"end":{"line":20,"column":61}}},"fnMap":{"0":{"name":"(anonymous_0)","decl":{"start":{"line":12,"column":13},"end":{"line":12,"column":14}},"loc":{"start":{"line":12,"column":27},"end":{"line":17,"column":4}}},"1":{"name":"(anonymous_1)","decl":{"start":{"line":14,"column":13},"end":{"line":14,"column":16}},"loc":{"start":{"line":14,"column":19},"end":{"line":14,"column":37}}}},"branchMap":{},"s":{"0":1,"1":1,"2":1,"3":0,"4":1},"f":{"0":1,"1":0},"b":{}}
,"/home/ashisheradi/nam/frontend/family-portal/src/services/api.ts": {"path":"/home/ashisheradi/nam/frontend/family-portal/src/services/api.ts","statementMap":{"0":{"start":{"line":2,"column":0},"end":{"line":2,"column":73}},"1":{"start":{"line":5,"column":13},"end":{"line":19,"column":3}},"2":{"start":{"line":10,"column":21},"end":{"line":10,"column":56}},"3":{"start":{"line":11,"column":6},"end":{"line":13,"column":7}},"4":{"start":{"line":12,"column":8},"end":{"line":12,"column":56}},"5":{"start":{"line":14,"column":6},"end":{"line":14,"column":21}},"6":{"start":{"line":18,"column":20},"end":{"line":18,"column":22}}},"fnMap":{"0":{"name":"(anonymous_0)","decl":{"start":{"line":9,"column":20},"end":{"line":9,"column":21}},"loc":{"start":{"line":9,"column":46},"end":{"line":15,"column":5}}},"1":{"name":"(anonymous_1)","decl":{"start":{"line":18,"column":13},"end":{"line":18,"column":16}},"loc":{"start":{"line":18,"column":20},"end":{"line":18,"column":22}}}},"branchMap":{"0":{"loc":{"start":{"line":11,"column":6},"end":{"line":13,"column":7}},"type":"if","locations":[{"start":{"line":11,"column":6},"end":{"line":13,"column":7}},{"start":{},"end":{}}]}},"s":{"0":7,"1":7,"2":0,"3":0,"4":0,"5":0,"6":7},"f":{"0":0,"1":7},"b":{"0":[0,0]}}
,"/home/ashisheradi/nam/frontend/family-portal/src/services/authApi.ts": {"path":"/home/ashisheradi/nam/frontend/family-portal/src/services/authApi.ts","statementMap":{"0":{"start":{"line":2,"column":0},"end":{"line":2,"column":28}},"1":{"start":{"line":4,"column":13},"end":{"line":14,"column":3}},"2":{"start":{"line":5,"column":27},"end":{"line":13,"column":4}},"3":{"start":{"line":7,"column":31},"end":{"line":11,"column":8}},"4":{"start":{"line":16,"column":15},"end":{"line":16,"column":44}}},"fnMap":{"0":{"name":"(anonymous_0)","decl":{"start":{"line":5,"column":13},"end":{"line":5,"column":14}},"loc":{"start":{"line":5,"column":27},"end":{"line":13,"column":4}}},"1":{"name":"(anonymous_1)","decl":{"start":{"line":7,"column":13},"end":{"line":7,"column":14}},"loc":{"start":{"line":7,"column":31},"end":{"line":11,"column":8}}}},"branchMap":{},"s":{"0":1,"1":1,"2":1,"3":0,"4":1},"f":{"0":1,"1":0},"b":{}}
,"/home/ashisheradi/nam/frontend/family-portal/src/services/dashboardApi.ts": {"path":"/home/ashisheradi/nam/frontend/family-portal/src/services/dashboardApi.ts","statementMap":{"0":{"start":{"line":1,"column":0},"end":{"line":1,"column":73}},"1":{"start":{"line":8,"column":13},"end":{"line":16,"column":3}},"2":{"start":{"line":11,"column":27},"end":{"line":15,"column":4}},"3":{"start":{"line":13,"column":19},"end":{"line":13,"column":37}},"4":{"start":{"line":18,"column":15},"end":{"line":18,"column":64}}},"fnMap":{"0":{"name":"(anonymous_0)","decl":{"start":{"line":11,"column":13},"end":{"line":11,"column":14}},"loc":{"start":{"line":11,"column":27},"end":{"line":15,"column":4}}},"1":{"name":"(anonymous_1)","decl":{"start":{"line":13,"column":13},"end":{"line":13,"column":16}},"loc":{"start":{"line":13,"column":19},"end":{"line":13,"column":37}}}},"branchMap":{},"s":{"0":1,"1":1,"2":1,"3":0,"4":1},"f":{"0":1,"1":0},"b":{}}
,"/home/ashisheradi/nam/frontend/family-portal/src/services/familyApi.ts": {"path":"/home/ashisheradi/nam/frontend/family-portal/src/services/familyApi.ts","statementMap":{"0":{"start":{"line":2,"column":0},"end":{"line":2,"column":28}},"1":{"start":{"line":32,"column":13},"end":{"line":55,"column":3}},"2":{"start":{"line":33,"column":27},"end":{"line":54,"column":4}},"3":{"start":{"line":35,"column":19},"end":{"line":35,"column":40}},"4":{"start":{"line":39,"column":19},"end":{"line":39,"column":39}},"5":{"start":{"line":43,"column":19},"end":{"line":43,"column":29}},"6":{"start":{"line":47,"column":24},"end":{"line":51,"column":8}},"7":{"start":{"line":58,"column":2},"end":{"line":62,"column":14}}},"fnMap":{"0":{"name":"(anonymous_0)","decl":{"start":{"line":33,"column":13},"end":{"line":33,"column":14}},"loc":{"start":{"line":33,"column":27},"end":{"line":54,"column":4}}},"1":{"name":"(anonymous_1)","decl":{"start":{"line":35,"column":13},"end":{"line":35,"column":16}},"loc":{"start":{"line":35,"column":19},"end":{"line":35,"column":40}}},"2":{"name":"(anonymous_2)","decl":{"start":{"line":39,"column":13},"end":{"line":39,"column":16}},"loc":{"start":{"line":39,"column":19},"end":{"line":39,"column":39}}},"3":{"name":"(anonymous_3)","decl":{"start":{"line":43,"column":13},"end":{"line":43,"column":16}},"loc":{"start":{"line":43,"column":19},"end":{"line":43,"column":29}}},"4":{"name":"(anonymous_4)","decl":{"start":{"line":47,"column":13},"end":{"line":47,"column":14}},"loc":{"start":{"line":47,"column":24},"end":{"line":51,"column":8}}}},"branchMap":{},"s":{"0":3,"1":3,"2":3,"3":0,"4":0,"5":0,"6":0,"7":3},"f":{"0":3,"1":0,"2":0,"3":0,"4":0},"b":{}}
,"/home/ashisheradi/nam/frontend/family-portal/src/services/libraryApi.ts": {"path":"/home/ashisheradi/nam/frontend/family-portal/src/services/libraryApi.ts","statementMap":{"0":{"start":{"line":2,"column":0},"end":{"line":2,"column":28}},"1":{"start":{"line":21,"column":13},"end":{"line":32,"column":3}},"2":{"start":{"line":22,"column":27},"end":{"line":31,"column":4}},"3":{"start":{"line":24,"column":19},"end":{"line":24,"column":34}},"4":{"start":{"line":28,"column":19},"end":{"line":28,"column":38}},"5":{"start":{"line":34,"column":15},"end":{"line":34,"column":74}}},"fnMap":{"0":{"name":"(anonymous_0)","decl":{"start":{"line":22,"column":13},"end":{"line":22,"column":14}},"loc":{"start":{"line":22,"column":27},"end":{"line":31,"column":4}}},"1":{"name":"(anonymous_1)","decl":{"start":{"line":24,"column":13},"end":{"line":24,"column":16}},"loc":{"start":{"line":24,"column":19},"end":{"line":24,"column":34}}},"2":{"name":"(anonymous_2)","decl":{"start":{"line":28,"column":13},"end":{"line":28,"column":16}},"loc":{"start":{"line":28,"column":19},"end":{"line":28,"column":38}}}},"branchMap":{},"s":{"0":1,"1":1,"2":1,"3":0,"4":0,"5":1},"f":{"0":1,"1":0,"2":0},"b":{}}
,"/home/ashisheradi/nam/frontend/family-portal/src/services/timetableApi.ts": {"path":"/home/ashisheradi/nam/frontend/family-portal/src/services/timetableApi.ts","statementMap":{"0":{"start":{"line":2,"column":0},"end":{"line":2,"column":28}},"1":{"start":{"line":20,"column":13},"end":{"line":27,"column":3}},"2":{"start":{"line":21,"column":27},"end":{"line":26,"column":4}},"3":{"start":{"line":23,"column":19},"end":{"line":23,"column":42}},"4":{"start":{"line":29,"column":15},"end":{"line":29,"column":55}}},"fnMap":{"0":{"name":"(anonymous_0)","decl":{"start":{"line":21,"column":13},"end":{"line":21,"column":14}},"loc":{"start":{"line":21,"column":27},"end":{"line":26,"column":4}}},"1":{"name":"(anonymous_1)","decl":{"start":{"line":23,"column":13},"end":{"line":23,"column":16}},"loc":{"start":{"line":23,"column":19},"end":{"line":23,"column":42}}}},"branchMap":{},"s":{"0":1,"1":1,"2":1,"3":0,"4":1},"f":{"0":1,"1":0},"b":{}}
,"/home/ashisheradi/nam/frontend/family-portal/src/store/authSlice.ts": {"path":"/home/ashisheradi/nam/frontend/family-portal/src/store/authSlice.ts","statementMap":{"0":{"start":{"line":2,"column":0},"end":{"line":2,"column":47}},"1":{"start":{"line":10,"column":32},"end":{"line":12,"column":2}},"2":{"start":{"line":14,"column":18},"end":{"line":27,"column":2}},"3":{"start":{"line":19,"column":6},"end":{"line":19,"column":35}},"4":{"start":{"line":20,"column":6},"end":{"line":24,"column":7}},"5":{"start":{"line":21,"column":8},"end":{"line":21,"column":54}},"6":{"start":{"line":23,"column":8},"end":{"line":23,"column":41}},"7":{"start":{"line":29,"column":15},"end":{"line":29,"column":46}},"8":{"start":{"line":31,"column":0},"end":{"line":31,"column":33}},"9":{"start":{"line":33,"column":27},"end":{"line":33,"column":65}},"10":{"start":{"line":33,"column":49},"end":{"line":33,"column":65}},"11":{"start":{"line":33,"column":13},"end":{"line":33,"column":27}}},"fnMap":{"0":{"name":"(anonymous_0)","decl":{"start":{"line":18,"column":14},"end":{"line":18,"column":15}},"loc":{"start":{"line":18,"column":62},"end":{"line":25,"column":5}}},"1":{"name":"(anonymous_1)","decl":{"start":{"line":33,"column":27},"end":{"line":33,"column":28}},"loc":{"start":{"line":33,"column":49},"end":{"line":33,"column":65}}}},"branchMap":{"0":{"loc":{"start":{"line":20,"column":6},"end":{"line":24,"column":7}},"type":"if","locations":[{"start":{"line":20,"column":6},"end":{"line":24,"column":7}},{"start":{"line":22,"column":13},"end":{"line":24,"column":7}}]}},"s":{"0":2,"1":2,"2":2,"3":1,"4":1,"5":1,"6":0,"7":2,"8":2,"9":2,"10":4,"11":2},"f":{"0":1,"1":4},"b":{"0":[1,0]}}
,"/home/ashisheradi/nam/frontend/family-portal/src/store/hooks.ts": {"path":"/home/ashisheradi/nam/frontend/family-portal/src/store/hooks.ts","statementMap":{"0":{"start":{"line":2,"column":0},"end":{"line":2,"column":55}},"1":{"start":{"line":7,"column":30},"end":{"line":7,"column":62}},"2":{"start":{"line":7,"column":36},"end":{"line":7,"column":62}},"3":{"start":{"line":7,"column":13},"end":{"line":7,"column":30}},"4":{"start":{"line":8,"column":13},"end":{"line":8,"column":75}}},"fnMap":{"0":{"name":"(anonymous_0)","decl":{"start":{"line":7,"column":30},"end":{"line":7,"column":33}},"loc":{"start":{"line":7,"column":36},"end":{"line":7,"column":62}}}},"branchMap":{},"s":{"0":1,"1":1,"2":0,"3":1,"4":1},"f":{"0":0},"b":{}}
}
